Log file open, 07/15/20 21:06:20
LogInit: Display: Running engine for game: SpaceCrusade
LogPlatformFile: Not using cached read wrapper
LogTaskGraph: Started task graph with 5 named threads and 23 total threads with 3 sets of task threads.
LogStats: Stats thread started at 1.548664
LogD3D11RHI: Loaded GFSDK_Aftermath_Lib.x64.dll
LogICUInternationalization: ICU TimeZone Detection - Raw Offset: +10:00, Platform Override: ''
LogPluginManager: Mounting plugin Paper2D
LogPluginManager: Mounting plugin AISupport
LogPluginManager: Mounting plugin LightPropagationVolume
LogPluginManager: Mounting plugin CameraShakePreviewer
LogPluginManager: Mounting plugin ActorLayerUtilities
LogPluginManager: Mounting plugin AnimationSharing
LogPluginManager: Mounting plugin CLionSourceCodeAccess
LogPluginManager: Mounting plugin CodeLiteSourceCodeAccess
LogPluginManager: Mounting plugin GitSourceControl
LogPluginManager: Mounting plugin KDevelopSourceCodeAccess
LogPluginManager: Mounting plugin NullSourceCodeAccess
LogPluginManager: Mounting plugin PerforceSourceControl
LogPluginManager: Mounting plugin PlasticSourceControl
LogPluginManager: Mounting plugin RiderSourceCodeAccess
LogPluginManager: Mounting plugin SubversionSourceControl
LogPluginManager: Mounting plugin UObjectPlugin
LogPluginManager: Mounting plugin VisualStudioCodeSourceCodeAccess
LogPluginManager: Mounting plugin VisualStudioSourceCodeAccess
LogPluginManager: Mounting plugin XCodeSourceCodeAccess
LogPluginManager: Mounting plugin AssetManagerEditor
LogPluginManager: Mounting plugin CryptoKeys
LogPluginManager: Mounting plugin CurveEditorTools
LogPluginManager: Mounting plugin DataValidation
LogPluginManager: Mounting plugin EditorScriptingUtilities
LogPluginManager: Mounting plugin FacialAnimation
LogPluginManager: Mounting plugin GameplayTagsEditor
LogPluginManager: Mounting plugin GeometryMode
LogPluginManager: Mounting plugin MacGraphicsSwitching
LogPluginManager: Mounting plugin MaterialAnalyzer
LogPluginManager: Mounting plugin MobileLauncherProfileWizard
LogPluginManager: Mounting plugin PluginBrowser
LogPluginManager: Mounting plugin SpeedTreeImporter
LogPluginManager: Mounting plugin DatasmithContent
LogPluginManager: Mounting plugin VariantManagerContent
LogPluginManager: Mounting plugin AlembicImporter
LogPluginManager: Mounting plugin AutomationUtils
LogPluginManager: Mounting plugin BackChannel
LogPluginManager: Mounting plugin ChaosCloth
LogPluginManager: Mounting plugin ChaosClothEditor
LogPluginManager: Mounting plugin ChaosEditor
LogPluginManager: Mounting plugin ChaosNiagara
LogPluginManager: Mounting plugin ChaosSolverPlugin
LogPluginManager: Mounting plugin CharacterAI
LogPluginManager: Mounting plugin GeometryCache
LogPluginManager: Mounting plugin GeometryCollectionPlugin
LogPluginManager: Mounting plugin GeometryProcessing
LogPluginManager: Mounting plugin PlanarCut
LogPluginManager: Mounting plugin PlatformCrypto
LogPluginManager: Mounting plugin ProxyLODPlugin
LogPluginManager: Mounting plugin SkeletalReduction
LogPluginManager: Mounting plugin Niagara
LogPluginManager: Mounting plugin MagicLeap
LogPluginManager: Mounting plugin MagicLeapLightEstimation
LogPluginManager: Mounting plugin MagicLeapMedia
LogPluginManager: Mounting plugin MagicLeapPassableWorld
LogPluginManager: Mounting plugin MLSDK
LogPluginManager: Mounting plugin AndroidMedia
LogPluginManager: Mounting plugin AvfMedia
LogPluginManager: Mounting plugin ImgMedia
LogPluginManager: Mounting plugin MediaCompositing
LogPluginManager: Mounting plugin MediaPlayerEditor
LogPluginManager: Mounting plugin WebMMedia
LogPluginManager: Mounting plugin WmfMedia
LogPluginManager: Mounting plugin MeshPainting
LogPluginManager: Mounting plugin TcpMessaging
LogPluginManager: Mounting plugin UdpMessaging
LogPluginManager: Mounting plugin ActorSequence
LogPluginManager: Mounting plugin LevelSequenceEditor
LogPluginManager: Mounting plugin MatineeToLevelSequence
LogPluginManager: Mounting plugin MovieRenderPipeline
LogPluginManager: Mounting plugin TemplateSequence
LogPluginManager: Mounting plugin NetcodeUnitTest
LogPluginManager: Mounting plugin NUTUnrealEngine4
LogPluginManager: Mounting plugin OnlineSubsystemGooglePlay
LogPluginManager: Mounting plugin OnlineSubsystemIOS
LogPluginManager: Mounting plugin OnlineSubsystem
LogPluginManager: Mounting plugin OnlineSubsystemNull
LogPluginManager: Mounting plugin OnlineSubsystemUtils
LogPluginManager: Mounting plugin LauncherChunkInstaller
LogPluginManager: Mounting plugin AndroidDeviceProfileSelector
LogPluginManager: Mounting plugin AndroidMoviePlayer
LogPluginManager: Mounting plugin AndroidPermission
LogPluginManager: Mounting plugin AppleImageUtils
LogPluginManager: Mounting plugin AppleMoviePlayer
LogPluginManager: Mounting plugin ArchVisCharacter
LogPluginManager: Mounting plugin AssetTags
LogPluginManager: Mounting plugin AudioCapture
LogPluginManager: Mounting plugin CableComponent
LogPluginManager: Mounting plugin CustomMeshComponent
LogPluginManager: Mounting plugin EditableMesh
LogPluginManager: Mounting plugin ExampleDeviceProfileSelector
LogPluginManager: Mounting plugin GoogleCloudMessaging
LogPluginManager: Mounting plugin GooglePAD
LogPluginManager: Mounting plugin IOSDeviceProfileSelector
LogPluginManager: Mounting plugin LinuxDeviceProfileSelector
LogPluginManager: Mounting plugin LocationServicesBPLibrary
LogPluginManager: Mounting plugin MobilePatchingUtils
LogPluginManager: Mounting plugin OculusVR
LogPluginManager: Mounting plugin PhysXVehicles
LogPluginManager: Mounting plugin PostSplashScreen
LogPluginManager: Mounting plugin ProceduralMeshComponent
LogPluginManager: Mounting plugin RuntimePhysXCooking
LogPluginManager: Mounting plugin SignificanceManager
LogPluginManager: Mounting plugin SoundFields
LogPluginManager: Mounting plugin SteamVR
LogPluginManager: Mounting plugin Synthesis
LogPluginManager: Mounting plugin WebMMoviePlayer
LogPluginManager: Mounting plugin WindowsMoviePlayer
LogPluginManager: Mounting plugin ScreenshotTools
LogInit: Using libcurl 7.55.1-DEV
LogInit:  - built for x86_64-pc-win32
LogInit:  - supports SSL with OpenSSL/1.1.1
LogInit:  - supports HTTP deflate (compression) using libz 1.2.8
LogInit:  - other features:
LogInit:      CURL_VERSION_SSL
LogInit:      CURL_VERSION_LIBZ
LogInit:      CURL_VERSION_IPV6
LogInit:      CURL_VERSION_ASYNCHDNS
LogInit:      CURL_VERSION_LARGEFILE
LogInit:      CURL_VERSION_IDN
LogInit:  CurlRequestOptions (configurable via config and command line):
LogInit:  - bVerifyPeer = true  - Libcurl will verify peer certificate
LogInit:  - bUseHttpProxy = false  - Libcurl will NOT use HTTP proxy
LogInit:  - bDontReuseConnections = false  - Libcurl will reuse connections
LogInit:  - MaxHostConnections = 16  - Libcurl will limit the number of connections to a host
LogInit:  - LocalHostAddr = Default
LogInit:  - BufferSize = 65536
LogOnline: OSS: Creating online subsystem instance for: NULL
LogInit: WinSock: version 1.1 (2.2), MaxSocks=32767, MaxUdp=65467
LogOnline: OSS: TryLoadSubsystemAndSetDefault: Loaded subsystem for module [NULL]
LogInit: Build: ++UE4+Release-4.25-CL-13594126
LogInit: Engine Version: 4.25.1-13594126+++UE4+Release-4.25
LogInit: Compatible Engine Version: 4.25.0-13144385+++UE4+Release-4.25
LogInit: Net CL: 13144385
LogInit: OS: Windows 10 (Release 1903) (), CPU: Intel(R) Core(TM) i7-7700K CPU @ 4.20GHz, GPU: NVIDIA GeForce GTX 1060 6GB
LogInit: Compiled (64-bit): Jun  2 2020 02:10:36
LogInit: Compiled with Visual C++: 19.24.28315.00
LogInit: Build Configuration: Development
LogInit: Branch Name: ++UE4+Release-4.25
LogInit: Command Line: 
LogInit: Base Directory: D:/Games/EpicGames/UE_4.25/Engine/Binaries/Win64/
LogInit: Allocator: TBB
LogInit: Installed Engine Build: 1
LogDevObjectVersion: Number of dev versions registered: 26
LogDevObjectVersion:   Dev-Blueprints (B0D832E4-1F89-4F0D-ACCF-7EB736FD4AA2): 10
LogDevObjectVersion:   Dev-Build (E1C64328-A22C-4D53-A36C-8E866417BD8C): 0
LogDevObjectVersion:   Dev-Core (375EC13C-06E4-48FB-B500-84F0262A717E): 4
LogDevObjectVersion:   Dev-Editor (E4B068ED-F494-42E9-A231-DA0B2E46BB41): 38
LogDevObjectVersion:   Dev-Framework (CFFC743F-43B0-4480-9391-14DF171D2073): 37
LogDevObjectVersion:   Dev-Mobile (B02B49B5-BB20-44E9-A304-32B752E40360): 2
LogDevObjectVersion:   Dev-Networking (A4E4105C-59A1-49B5-A7C5-40C4547EDFEE): 0
LogDevObjectVersion:   Dev-Online (39C831C9-5AE6-47DC-9A44-9C173E1C8E7C): 0
LogDevObjectVersion:   Dev-Physics (78F01B33-EBEA-4F98-B9B4-84EACCB95AA2): 4
LogDevObjectVersion:   Dev-Platform (6631380F-2D4D-43E0-8009-CF276956A95A): 0
LogDevObjectVersion:   Dev-Rendering (12F88B9F-8875-4AFC-A67C-D90C383ABD29): 43
LogDevObjectVersion:   Dev-Sequencer (7B5AE74C-D270-4C10-A958-57980B212A5A): 12
LogDevObjectVersion:   Dev-VR (D7296918-1DD6-4BDD-9DE2-64A83CC13884): 3
LogDevObjectVersion:   Dev-LoadTimes (C2A15278-BFE7-4AFE-6C17-90FF531DF755): 1
LogDevObjectVersion:   Private-Geometry (6EACA3D4-40EC-4CC1-B786-8BED09428FC5): 3
LogDevObjectVersion:   Dev-AnimPhys (29E575DD-E0A3-4627-9D10-D276232CDCEA): 17
LogDevObjectVersion:   Dev-Anim (AF43A65D-7FD3-4947-9873-3E8ED9C1BB05): 7
LogDevObjectVersion:   Dev-ReflectionCapture (6B266CEC-1EC7-4B8F-A30B-E4D90942FC07): 1
LogDevObjectVersion:   Dev-Automation (0DF73D61-A23F-47EA-B727-89E90C41499A): 1
LogDevObjectVersion:   FortniteMain (601D1886-AC64-4F84-AA16-D3DE0DEAC7D6): 31
LogDevObjectVersion:   Dev-Enterprise (9DFFBCD6-494F-0158-E221-12823C92A888): 10
LogDevObjectVersion:   Dev-Niagara (F2AED0AC-9AFE-416F-8664-AA7FFA26D6FC): 1
LogDevObjectVersion:   Dev-Destruction (174F1F0B-B4C6-45A5-B13F-2EE8D0FB917D): 10
LogDevObjectVersion:   Dev-Physics-Ext (35F94A83-E258-406C-A318-09F59610247C): 37
LogDevObjectVersion:   Dev-PhysicsMaterial-Chaos (B68FC16E-8B1B-42E2-B453-215C058844FE): 1
LogDevObjectVersion:   Dev-CineCamera (B2E18506-4273-CFC2-A54E-F4BB758BBA07): 1
LogInit: Presizing for max 25165824 objects, including 0 objects not considered by GC, pre-allocating 0 bytes for permanent pool.
LogConfig: Applying CVar settings from Section [/Script/Engine.StreamingSettings] File [D:/Unity/WeGottaPass/ThisTrimester/Name/SpaceCrusade/SpaceCrusadeV3/SpaceCrusade/Saved/Config/Windows/Engine.ini]
LogConfig: Setting CVar [[s.MinBulkDataSizeForAsyncLoading:131072]]
LogConfig: Setting CVar [[s.AsyncLoadingThreadEnabled:0]]
LogConfig: Setting CVar [[s.EventDrivenLoaderEnabled:1]]
LogConfig: Setting CVar [[s.WarnIfTimeLimitExceeded:0]]
LogConfig: Setting CVar [[s.TimeLimitExceededMultiplier:1.5]]
LogConfig: Setting CVar [[s.TimeLimitExceededMinTime:0.005]]
LogConfig: Setting CVar [[s.UseBackgroundLevelStreaming:1]]
LogConfig: Setting CVar [[s.PriorityAsyncLoadingExtraTime:15.0]]
LogConfig: Setting CVar [[s.LevelStreamingActorsUpdateTimeLimit:5.0]]
LogConfig: Setting CVar [[s.PriorityLevelStreamingActorsUpdateExtraTime:5.0]]
LogConfig: Setting CVar [[s.LevelStreamingComponentsRegistrationGranularity:10]]
LogConfig: Setting CVar [[s.UnregisterComponentsTimeLimit:1.0]]
LogConfig: Setting CVar [[s.LevelStreamingComponentsUnregistrationGranularity:5]]
LogConfig: Setting CVar [[s.FlushStreamingOnExit:1]]
LogInit: Object subsystem initialized
LogConfig: Setting CVar [[con.DebugEarlyDefault:1]]
LogConfig: Setting CVar [[r.setres:1280x720]]
[2020.07.15-11.06.20:213][  0]LogConfig: Setting CVar [[r.VSync:0]]
[2020.07.15-11.06.20:213][  0]LogConfig: Setting CVar [[r.RHICmdBypass:0]]
[2020.07.15-11.06.20:213][  0]LogConfig: Applying CVar settings from Section [/Script/Engine.RendererSettings] File [D:/Unity/WeGottaPass/ThisTrimester/Name/SpaceCrusade/SpaceCrusadeV3/SpaceCrusade/Saved/Config/Windows/Engine.ini]
[2020.07.15-11.06.20:213][  0]LogConfig: Setting CVar [[r.GPUCrashDebugging:0]]
[2020.07.15-11.06.20:213][  0]LogConfig: Applying CVar settings from Section [/Script/Engine.RendererOverrideSettings] File [D:/Unity/WeGottaPass/ThisTrimester/Name/SpaceCrusade/SpaceCrusadeV3/SpaceCrusade/Saved/Config/Windows/Engine.ini]
[2020.07.15-11.06.20:213][  0]LogConfig: Applying CVar settings from Section [/Script/Engine.StreamingSettings] File [D:/Unity/WeGottaPass/ThisTrimester/Name/SpaceCrusade/SpaceCrusadeV3/SpaceCrusade/Saved/Config/Windows/Engine.ini]
[2020.07.15-11.06.20:213][  0]LogConfig: Setting CVar [[s.MinBulkDataSizeForAsyncLoading:131072]]
[2020.07.15-11.06.20:213][  0]LogConfig: Setting CVar [[s.AsyncLoadingThreadEnabled:0]]
[2020.07.15-11.06.20:213][  0]LogConfig: Setting CVar [[s.EventDrivenLoaderEnabled:1]]
[2020.07.15-11.06.20:213][  0]LogConfig: Setting CVar [[s.WarnIfTimeLimitExceeded:0]]
[2020.07.15-11.06.20:213][  0]LogConfig: Setting CVar [[s.TimeLimitExceededMultiplier:1.5]]
[2020.07.15-11.06.20:213][  0]LogConfig: Setting CVar [[s.TimeLimitExceededMinTime:0.005]]
[2020.07.15-11.06.20:213][  0]LogConfig: Setting CVar [[s.UseBackgroundLevelStreaming:1]]
[2020.07.15-11.06.20:213][  0]LogConfig: Setting CVar [[s.PriorityAsyncLoadingExtraTime:15.0]]
[2020.07.15-11.06.20:213][  0]LogConfig: Setting CVar [[s.LevelStreamingActorsUpdateTimeLimit:5.0]]
[2020.07.15-11.06.20:213][  0]LogConfig: Setting CVar [[s.PriorityLevelStreamingActorsUpdateExtraTime:5.0]]
[2020.07.15-11.06.20:213][  0]LogConfig: Setting CVar [[s.LevelStreamingComponentsRegistrationGranularity:10]]
[2020.07.15-11.06.20:213][  0]LogConfig: Setting CVar [[s.UnregisterComponentsTimeLimit:1.0]]
[2020.07.15-11.06.20:213][  0]LogConfig: Setting CVar [[s.LevelStreamingComponentsUnregistrationGranularity:5]]
[2020.07.15-11.06.20:213][  0]LogConfig: Setting CVar [[s.FlushStreamingOnExit:1]]
[2020.07.15-11.06.20:213][  0]LogConfig: Applying CVar settings from Section [/Script/Engine.GarbageCollectionSettings] File [D:/Unity/WeGottaPass/ThisTrimester/Name/SpaceCrusade/SpaceCrusadeV3/SpaceCrusade/Saved/Config/Windows/Engine.ini]
[2020.07.15-11.06.20:213][  0]LogConfig: Setting CVar [[gc.MaxObjectsNotConsideredByGC:1]]
[2020.07.15-11.06.20:214][  0]LogConfig: Setting CVar [[gc.SizeOfPermanentObjectPool:0]]
[2020.07.15-11.06.20:214][  0]LogConfig: Setting CVar [[gc.FlushStreamingOnGC:0]]
[2020.07.15-11.06.20:214][  0]LogConfig: Setting CVar [[gc.NumRetriesBeforeForcingGC:10]]
[2020.07.15-11.06.20:214][  0]LogConfig: Setting CVar [[gc.AllowParallelGC:1]]
[2020.07.15-11.06.20:214][  0]LogConfig: Setting CVar [[gc.TimeBetweenPurgingPendingKillObjects:61.1]]
[2020.07.15-11.06.20:214][  0]LogConfig: Setting CVar [[gc.MaxObjectsInEditor:25165824]]
[2020.07.15-11.06.20:214][  0]LogConfig: Setting CVar [[gc.IncrementalBeginDestroyEnabled:1]]
[2020.07.15-11.06.20:214][  0]LogConfig: Setting CVar [[gc.CreateGCClusters:1]]
[2020.07.15-11.06.20:214][  0]LogConfig: Setting CVar [[gc.MinGCClusterSize:5]]
[2020.07.15-11.06.20:214][  0]LogConfig: Setting CVar [[gc.ActorClusteringEnabled:0]]
[2020.07.15-11.06.20:214][  0]LogConfig: Setting CVar [[gc.BlueprintClusteringEnabled:0]]
[2020.07.15-11.06.20:214][  0]LogConfig: Setting CVar [[gc.UseDisregardForGCOnDedicatedServers:0]]
[2020.07.15-11.06.20:214][  0]LogConfig: Applying CVar settings from Section [/Script/Engine.NetworkSettings] File [D:/Unity/WeGottaPass/ThisTrimester/Name/SpaceCrusade/SpaceCrusadeV3/SpaceCrusade/Saved/Config/Windows/Engine.ini]
[2020.07.15-11.06.20:214][  0]LogConfig: Applying CVar settings from Section [/Script/UnrealEd.CookerSettings] File [D:/Unity/WeGottaPass/ThisTrimester/Name/SpaceCrusade/SpaceCrusadeV3/SpaceCrusade/Saved/Config/Windows/Engine.ini]
[2020.07.15-11.06.20:217][  0]LogConfig: Applying CVar settings from Section [ViewDistanceQuality@3] File [D:/Unity/WeGottaPass/ThisTrimester/Name/SpaceCrusade/SpaceCrusadeV3/SpaceCrusade/Saved/Config/Windows/Scalability.ini]
[2020.07.15-11.06.20:217][  0]LogConfig: Setting CVar [[r.SkeletalMeshLODBias:0]]
[2020.07.15-11.06.20:217][  0]LogConfig: Setting CVar [[r.ViewDistanceScale:1.0]]
[2020.07.15-11.06.20:217][  0]LogConfig: Applying CVar settings from Section [AntiAliasingQuality@3] File [D:/Unity/WeGottaPass/ThisTrimester/Name/SpaceCrusade/SpaceCrusadeV3/SpaceCrusade/Saved/Config/Windows/Scalability.ini]
[2020.07.15-11.06.20:217][  0]LogConfig: Setting CVar [[r.PostProcessAAQuality:4]]
[2020.07.15-11.06.20:217][  0]LogConfig: Applying CVar settings from Section [ShadowQuality@3] File [D:/Unity/WeGottaPass/ThisTrimester/Name/SpaceCrusade/SpaceCrusadeV3/SpaceCrusade/Saved/Config/Windows/Scalability.ini]
[2020.07.15-11.06.20:217][  0]LogConfig: Setting CVar [[r.LightFunctionQuality:1]]
[2020.07.15-11.06.20:217][  0]LogConfig: Setting CVar [[r.ShadowQuality:5]]
[2020.07.15-11.06.20:217][  0]LogConfig: Setting CVar [[r.Shadow.CSM.MaxCascades:10]]
[2020.07.15-11.06.20:217][  0]LogConfig: Setting CVar [[r.Shadow.MaxResolution:2048]]
[2020.07.15-11.06.20:217][  0]LogConfig: Setting CVar [[r.Shadow.MaxCSMResolution:2048]]
[2020.07.15-11.06.20:217][  0]LogConfig: Setting CVar [[r.Shadow.RadiusThreshold:0.01]]
[2020.07.15-11.06.20:217][  0]LogConfig: Setting CVar [[r.Shadow.DistanceScale:1.0]]
[2020.07.15-11.06.20:217][  0]LogConfig: Setting CVar [[r.Shadow.CSM.TransitionScale:1.0]]
[2020.07.15-11.06.20:217][  0]LogConfig: Setting CVar [[r.Shadow.PreShadowResolutionFactor:1.0]]
[2020.07.15-11.06.20:217][  0]LogConfig: Setting CVar [[r.DistanceFieldShadowing:1]]
[2020.07.15-11.06.20:217][  0]LogConfig: Setting CVar [[r.DistanceFieldAO:1]]
[2020.07.15-11.06.20:217][  0]LogConfig: Setting CVar [[r.AOQuality:2]]
[2020.07.15-11.06.20:217][  0]LogConfig: Setting CVar [[r.VolumetricFog:1]]
[2020.07.15-11.06.20:217][  0]LogConfig: Setting CVar [[r.VolumetricFog.GridPixelSize:8]]
[2020.07.15-11.06.20:217][  0]LogConfig: Setting CVar [[r.VolumetricFog.GridSizeZ:128]]
[2020.07.15-11.06.20:217][  0]LogConfig: Setting CVar [[r.VolumetricFog.HistoryMissSupersampleCount:4]]
[2020.07.15-11.06.20:217][  0]LogConfig: Setting CVar [[r.LightMaxDrawDistanceScale:1]]
[2020.07.15-11.06.20:217][  0]LogConfig: Setting CVar [[r.CapsuleShadows:1]]
[2020.07.15-11.06.20:217][  0]LogConfig: Applying CVar settings from Section [PostProcessQuality@3] File [D:/Unity/WeGottaPass/ThisTrimester/Name/SpaceCrusade/SpaceCrusadeV3/SpaceCrusade/Saved/Config/Windows/Scalability.ini]
[2020.07.15-11.06.20:217][  0]LogConfig: Setting CVar [[r.MotionBlurQuality:4]]
[2020.07.15-11.06.20:217][  0]LogConfig: Setting CVar [[r.AmbientOcclusionMipLevelFactor:0.4]]
[2020.07.15-11.06.20:217][  0]LogConfig: Setting CVar [[r.AmbientOcclusionMaxQuality:100]]
[2020.07.15-11.06.20:217][  0]LogConfig: Setting CVar [[r.AmbientOcclusionLevels:-1]]
[2020.07.15-11.06.20:217][  0]LogConfig: Setting CVar [[r.AmbientOcclusionRadiusScale:1.0]]
[2020.07.15-11.06.20:217][  0]LogConfig: Setting CVar [[r.DepthOfFieldQuality:2]]
[2020.07.15-11.06.20:217][  0]LogConfig: Setting CVar [[r.RenderTargetPoolMin:400]]
[2020.07.15-11.06.20:217][  0]LogConfig: Setting CVar [[r.LensFlareQuality:2]]
[2020.07.15-11.06.20:217][  0]LogConfig: Setting CVar [[r.SceneColorFringeQuality:1]]
[2020.07.15-11.06.20:217][  0]LogConfig: Setting CVar [[r.EyeAdaptationQuality:2]]
[2020.07.15-11.06.20:217][  0]LogConfig: Setting CVar [[r.BloomQuality:5]]
[2020.07.15-11.06.20:217][  0]LogConfig: Setting CVar [[r.FastBlurThreshold:100]]
[2020.07.15-11.06.20:217][  0]LogConfig: Setting CVar [[r.Upscale.Quality:3]]
[2020.07.15-11.06.20:217][  0]LogConfig: Setting CVar [[r.Tonemapper.GrainQuantization:1]]
[2020.07.15-11.06.20:217][  0]LogConfig: Setting CVar [[r.LightShaftQuality:1]]
[2020.07.15-11.06.20:217][  0]LogConfig: Setting CVar [[r.Filter.SizeScale:1]]
[2020.07.15-11.06.20:217][  0]LogConfig: Setting CVar [[r.Tonemapper.Quality:5]]
[2020.07.15-11.06.20:217][  0]LogConfig: Setting CVar [[r.DOF.Gather.AccumulatorQuality:1        ; higher gathering accumulator quality]]
[2020.07.15-11.06.20:217][  0]LogConfig: Setting CVar [[r.DOF.Gather.PostfilterMethod:1          ; Median3x3 postfilering method]]
[2020.07.15-11.06.20:217][  0]LogConfig: Setting CVar [[r.DOF.Gather.EnableBokehSettings:0       ; no bokeh simulation when gathering]]
[2020.07.15-11.06.20:217][  0]LogConfig: Setting CVar [[r.DOF.Gather.RingCount:4                 ; medium number of samples when gathering]]
[2020.07.15-11.06.20:217][  0]LogConfig: Setting CVar [[r.DOF.Scatter.ForegroundCompositing:1    ; additive foreground scattering]]
[2020.07.15-11.06.20:217][  0]LogConfig: Setting CVar [[r.DOF.Scatter.BackgroundCompositing:2    ; additive background scattering]]
[2020.07.15-11.06.20:217][  0]LogConfig: Setting CVar [[r.DOF.Scatter.EnableBokehSettings:1      ; bokeh simulation when scattering]]
[2020.07.15-11.06.20:217][  0]LogConfig: Setting CVar [[r.DOF.Scatter.MaxSpriteRatio:0.1         ; only a maximum of 10% of scattered bokeh]]
[2020.07.15-11.06.20:217][  0]LogConfig: Setting CVar [[r.DOF.Recombine.Quality:1                ; cheap slight out of focus]]
[2020.07.15-11.06.20:217][  0]LogConfig: Setting CVar [[r.DOF.Recombine.EnableBokehSettings:0    ; no bokeh simulation on slight out of focus]]
[2020.07.15-11.06.20:217][  0]LogConfig: Setting CVar [[r.DOF.TemporalAAQuality:1                ; more stable temporal accumulation]]
[2020.07.15-11.06.20:217][  0]LogConfig: Setting CVar [[r.DOF.Kernel.MaxForegroundRadius:0.025]]
[2020.07.15-11.06.20:217][  0]LogConfig: Setting CVar [[r.DOF.Kernel.MaxBackgroundRadius:0.025]]
[2020.07.15-11.06.20:217][  0]LogConfig: Applying CVar settings from Section [TextureQuality@3] File [D:/Unity/WeGottaPass/ThisTrimester/Name/SpaceCrusade/SpaceCrusadeV3/SpaceCrusade/Saved/Config/Windows/Scalability.ini]
[2020.07.15-11.06.20:217][  0]LogConfig: Setting CVar [[r.Streaming.MipBias:0]]
[2020.07.15-11.06.20:217][  0]LogConfig: Setting CVar [[r.Streaming.AmortizeCPUToGPUCopy:0]]
[2020.07.15-11.06.20:218][  0]LogConfig: Setting CVar [[r.Streaming.MaxNumTexturesToStreamPerFrame:0]]
[2020.07.15-11.06.20:218][  0]LogConfig: Setting CVar [[r.Streaming.Boost:1]]
[2020.07.15-11.06.20:218][  0]LogConfig: Setting CVar [[r.MaxAnisotropy:8]]
[2020.07.15-11.06.20:218][  0]LogConfig: Setting CVar [[r.VT.MaxAnisotropy:8]]
[2020.07.15-11.06.20:218][  0]LogConfig: Setting CVar [[r.Streaming.LimitPoolSizeToVRAM:0]]
[2020.07.15-11.06.20:218][  0]LogConfig: Setting CVar [[r.Streaming.PoolSize:1000]]
[2020.07.15-11.06.20:218][  0]LogConfig: Setting CVar [[r.Streaming.MaxEffectiveScreenSize:0]]
[2020.07.15-11.06.20:218][  0]LogConfig: Applying CVar settings from Section [EffectsQuality@3] File [D:/Unity/WeGottaPass/ThisTrimester/Name/SpaceCrusade/SpaceCrusadeV3/SpaceCrusade/Saved/Config/Windows/Scalability.ini]
[2020.07.15-11.06.20:218][  0]LogConfig: Setting CVar [[r.TranslucencyLightingVolumeDim:64]]
[2020.07.15-11.06.20:218][  0]LogConfig: Setting CVar [[r.RefractionQuality:2]]
[2020.07.15-11.06.20:218][  0]LogConfig: Setting CVar [[r.SSR.Quality:3]]
[2020.07.15-11.06.20:218][  0]LogConfig: Setting CVar [[r.SSR.HalfResSceneColor:0]]
[2020.07.15-11.06.20:218][  0]LogConfig: Setting CVar [[r.SceneColorFormat:4]]
[2020.07.15-11.06.20:218][  0]LogConfig: Setting CVar [[r.DetailMode:2]]
[2020.07.15-11.06.20:218][  0]LogConfig: Setting CVar [[r.TranslucencyVolumeBlur:1]]
[2020.07.15-11.06.20:218][  0]LogConfig: Setting CVar [[r.MaterialQualityLevel:1 ; High quality]]
[2020.07.15-11.06.20:218][  0]LogConfig: Setting CVar [[r.SSS.Scale:1]]
[2020.07.15-11.06.20:218][  0]LogConfig: Setting CVar [[r.SSS.SampleSet:2]]
[2020.07.15-11.06.20:218][  0]LogConfig: Setting CVar [[r.SSS.Quality:1]]
[2020.07.15-11.06.20:218][  0]LogConfig: Setting CVar [[r.SSS.HalfRes:0]]
[2020.07.15-11.06.20:218][  0]LogConfig: Setting CVar [[r.SSGI.Quality:3]]
[2020.07.15-11.06.20:218][  0]LogConfig: Setting CVar [[r.EmitterSpawnRateScale:1.0]]
[2020.07.15-11.06.20:218][  0]LogConfig: Setting CVar [[r.ParticleLightQuality:2]]
[2020.07.15-11.06.20:218][  0]LogConfig: Setting CVar [[r.SkyAtmosphere.AerialPerspectiveLUT.FastApplyOnOpaque:1 ; Always have FastSkyLUT 1 in this case to avoid wrong sky]]
[2020.07.15-11.06.20:218][  0]LogConfig: Setting CVar [[r.SkyAtmosphere.AerialPerspectiveLUT.SampleCountPerSlice:1]]
[2020.07.15-11.06.20:218][  0]LogConfig: Setting CVar [[r.SkyAtmosphere.AerialPerspectiveLUT.DepthResolution:16.0]]
[2020.07.15-11.06.20:218][  0]LogConfig: Setting CVar [[r.SkyAtmosphere.FastSkyLUT:1]]
[2020.07.15-11.06.20:218][  0]LogConfig: Setting CVar [[r.SkyAtmosphere.FastSkyLUT.SampleCountMin:4.0]]
[2020.07.15-11.06.20:218][  0]LogConfig: Setting CVar [[r.SkyAtmosphere.FastSkyLUT.SampleCountMax:32.0]]
[2020.07.15-11.06.20:218][  0]LogConfig: Setting CVar [[r.SkyAtmosphere.SampleCountMin:4.0]]
[2020.07.15-11.06.20:218][  0]LogConfig: Setting CVar [[r.SkyAtmosphere.SampleCountMax:32.0]]
[2020.07.15-11.06.20:218][  0]LogConfig: Setting CVar [[r.SkyAtmosphere.TransmittanceLUT.UseSmallFormat:0]]
[2020.07.15-11.06.20:218][  0]LogConfig: Setting CVar [[r.SkyAtmosphere.TransmittanceLUT.SampleCount:10.0]]
[2020.07.15-11.06.20:218][  0]LogConfig: Setting CVar [[r.SkyAtmosphere.MultiScatteringLUT.SampleCount:15.0]]
[2020.07.15-11.06.20:218][  0]LogConfig: Applying CVar settings from Section [FoliageQuality@3] File [D:/Unity/WeGottaPass/ThisTrimester/Name/SpaceCrusade/SpaceCrusadeV3/SpaceCrusade/Saved/Config/Windows/Scalability.ini]
[2020.07.15-11.06.20:218][  0]LogConfig: Setting CVar [[foliage.DensityScale:1.0]]
[2020.07.15-11.06.20:218][  0]LogConfig: Setting CVar [[grass.DensityScale:1.0]]
[2020.07.15-11.06.20:218][  0]LogConfig: Applying CVar settings from Section [ShadingQuality@3] File [D:/Unity/WeGottaPass/ThisTrimester/Name/SpaceCrusade/SpaceCrusadeV3/SpaceCrusade/Saved/Config/Windows/Scalability.ini]
[2020.07.15-11.06.20:218][  0]LogConfig: Setting CVar [[r.HairStrands.SkyLighting.SampleCount:16]]
[2020.07.15-11.06.20:218][  0]LogConfig: Setting CVar [[r.HairStrands.SkyLighting.JitterIntegration:0]]
[2020.07.15-11.06.20:218][  0]LogConfig: Setting CVar [[r.HairStrands.SkyAO.SampleCount:16]]
[2020.07.15-11.06.20:218][  0]LogConfig: Setting CVar [[r.HairStrands.DeepShadow.SuperSampling:0]]
[2020.07.15-11.06.20:218][  0]LogConfig: Setting CVar [[r.HairStrands.VisibilityPPLL:0]]
[2020.07.15-11.06.20:218][  0]LogConfig: Setting CVar [[r.HairStrands.RasterizationScale:0.5]]
[2020.07.15-11.06.20:218][  0]LogConfig: Setting CVar [[r.HairStrands.VelocityRasterizationScale:1]]
[2020.07.15-11.06.20:218][  0]LogInit: Selected Device Profile: [Windows]
[2020.07.15-11.06.20:218][  0]LogInit: Applying CVar settings loaded from the selected device profile: [Windows]
[2020.07.15-11.06.20:218][  0]LogHAL: Display: Platform has ~ 16 GB [17112694784 / 17179869184 / 16], which maps to Larger [LargestMinGB=32, LargerMinGB=12, DefaultMinGB=8, SmallerMinGB=6, SmallestMinGB=0)
[2020.07.15-11.06.20:218][  0]LogInit: Going up to parent DeviceProfile []
[2020.07.15-11.06.20:218][  0]LogConfig: Applying CVar settings from Section [ViewDistanceQuality@3] File [D:/Unity/WeGottaPass/ThisTrimester/Name/SpaceCrusade/SpaceCrusadeV3/SpaceCrusade/Saved/Config/Windows/Scalability.ini]
[2020.07.15-11.06.20:218][  0]LogConfig: Setting CVar [[r.SkeletalMeshLODBias:0]]
[2020.07.15-11.06.20:218][  0]LogConfig: Setting CVar [[r.ViewDistanceScale:1.0]]
[2020.07.15-11.06.20:218][  0]LogConfig: Applying CVar settings from Section [AntiAliasingQuality@3] File [D:/Unity/WeGottaPass/ThisTrimester/Name/SpaceCrusade/SpaceCrusadeV3/SpaceCrusade/Saved/Config/Windows/Scalability.ini]
[2020.07.15-11.06.20:218][  0]LogConfig: Setting CVar [[r.PostProcessAAQuality:4]]
[2020.07.15-11.06.20:218][  0]LogConfig: Applying CVar settings from Section [ShadowQuality@3] File [D:/Unity/WeGottaPass/ThisTrimester/Name/SpaceCrusade/SpaceCrusadeV3/SpaceCrusade/Saved/Config/Windows/Scalability.ini]
[2020.07.15-11.06.20:218][  0]LogConfig: Setting CVar [[r.LightFunctionQuality:1]]
[2020.07.15-11.06.20:218][  0]LogConfig: Setting CVar [[r.ShadowQuality:5]]
[2020.07.15-11.06.20:218][  0]LogConfig: Setting CVar [[r.Shadow.CSM.MaxCascades:10]]
[2020.07.15-11.06.20:218][  0]LogConfig: Setting CVar [[r.Shadow.MaxResolution:2048]]
[2020.07.15-11.06.20:219][  0]LogConfig: Setting CVar [[r.Shadow.MaxCSMResolution:2048]]
[2020.07.15-11.06.20:219][  0]LogConfig: Setting CVar [[r.Shadow.RadiusThreshold:0.01]]
[2020.07.15-11.06.20:219][  0]LogConfig: Setting CVar [[r.Shadow.DistanceScale:1.0]]
[2020.07.15-11.06.20:219][  0]LogConfig: Setting CVar [[r.Shadow.CSM.TransitionScale:1.0]]
[2020.07.15-11.06.20:219][  0]LogConfig: Setting CVar [[r.Shadow.PreShadowResolutionFactor:1.0]]
[2020.07.15-11.06.20:219][  0]LogConfig: Setting CVar [[r.DistanceFieldShadowing:1]]
[2020.07.15-11.06.20:219][  0]LogConfig: Setting CVar [[r.DistanceFieldAO:1]]
[2020.07.15-11.06.20:219][  0]LogConfig: Setting CVar [[r.AOQuality:2]]
[2020.07.15-11.06.20:219][  0]LogConfig: Setting CVar [[r.VolumetricFog:1]]
[2020.07.15-11.06.20:219][  0]LogConfig: Setting CVar [[r.VolumetricFog.GridPixelSize:8]]
[2020.07.15-11.06.20:219][  0]LogConfig: Setting CVar [[r.VolumetricFog.GridSizeZ:128]]
[2020.07.15-11.06.20:219][  0]LogConfig: Setting CVar [[r.VolumetricFog.HistoryMissSupersampleCount:4]]
[2020.07.15-11.06.20:219][  0]LogConfig: Setting CVar [[r.LightMaxDrawDistanceScale:1]]
[2020.07.15-11.06.20:219][  0]LogConfig: Setting CVar [[r.CapsuleShadows:1]]
[2020.07.15-11.06.20:219][  0]LogConfig: Applying CVar settings from Section [PostProcessQuality@3] File [D:/Unity/WeGottaPass/ThisTrimester/Name/SpaceCrusade/SpaceCrusadeV3/SpaceCrusade/Saved/Config/Windows/Scalability.ini]
[2020.07.15-11.06.20:219][  0]LogConfig: Setting CVar [[r.MotionBlurQuality:4]]
[2020.07.15-11.06.20:219][  0]LogConfig: Setting CVar [[r.AmbientOcclusionMipLevelFactor:0.4]]
[2020.07.15-11.06.20:219][  0]LogConfig: Setting CVar [[r.AmbientOcclusionMaxQuality:100]]
[2020.07.15-11.06.20:219][  0]LogConfig: Setting CVar [[r.AmbientOcclusionLevels:-1]]
[2020.07.15-11.06.20:219][  0]LogConfig: Setting CVar [[r.AmbientOcclusionRadiusScale:1.0]]
[2020.07.15-11.06.20:219][  0]LogConfig: Setting CVar [[r.DepthOfFieldQuality:2]]
[2020.07.15-11.06.20:219][  0]LogConfig: Setting CVar [[r.RenderTargetPoolMin:400]]
[2020.07.15-11.06.20:219][  0]LogConfig: Setting CVar [[r.LensFlareQuality:2]]
[2020.07.15-11.06.20:219][  0]LogConfig: Setting CVar [[r.SceneColorFringeQuality:1]]
[2020.07.15-11.06.20:219][  0]LogConfig: Setting CVar [[r.EyeAdaptationQuality:2]]
[2020.07.15-11.06.20:219][  0]LogConfig: Setting CVar [[r.BloomQuality:5]]
[2020.07.15-11.06.20:219][  0]LogConfig: Setting CVar [[r.FastBlurThreshold:100]]
[2020.07.15-11.06.20:219][  0]LogConfig: Setting CVar [[r.Upscale.Quality:3]]
[2020.07.15-11.06.20:219][  0]LogConfig: Setting CVar [[r.Tonemapper.GrainQuantization:1]]
[2020.07.15-11.06.20:219][  0]LogConfig: Setting CVar [[r.LightShaftQuality:1]]
[2020.07.15-11.06.20:219][  0]LogConfig: Setting CVar [[r.Filter.SizeScale:1]]
[2020.07.15-11.06.20:219][  0]LogConfig: Setting CVar [[r.Tonemapper.Quality:5]]
[2020.07.15-11.06.20:219][  0]LogConfig: Setting CVar [[r.DOF.Gather.AccumulatorQuality:1        ; higher gathering accumulator quality]]
[2020.07.15-11.06.20:219][  0]LogConfig: Setting CVar [[r.DOF.Gather.PostfilterMethod:1          ; Median3x3 postfilering method]]
[2020.07.15-11.06.20:219][  0]LogConfig: Setting CVar [[r.DOF.Gather.EnableBokehSettings:0       ; no bokeh simulation when gathering]]
[2020.07.15-11.06.20:219][  0]LogConfig: Setting CVar [[r.DOF.Gather.RingCount:4                 ; medium number of samples when gathering]]
[2020.07.15-11.06.20:219][  0]LogConfig: Setting CVar [[r.DOF.Scatter.ForegroundCompositing:1    ; additive foreground scattering]]
[2020.07.15-11.06.20:219][  0]LogConfig: Setting CVar [[r.DOF.Scatter.BackgroundCompositing:2    ; additive background scattering]]
[2020.07.15-11.06.20:219][  0]LogConfig: Setting CVar [[r.DOF.Scatter.EnableBokehSettings:1      ; bokeh simulation when scattering]]
[2020.07.15-11.06.20:219][  0]LogConfig: Setting CVar [[r.DOF.Scatter.MaxSpriteRatio:0.1         ; only a maximum of 10% of scattered bokeh]]
[2020.07.15-11.06.20:219][  0]LogConfig: Setting CVar [[r.DOF.Recombine.Quality:1                ; cheap slight out of focus]]
[2020.07.15-11.06.20:219][  0]LogConfig: Setting CVar [[r.DOF.Recombine.EnableBokehSettings:0    ; no bokeh simulation on slight out of focus]]
[2020.07.15-11.06.20:219][  0]LogConfig: Setting CVar [[r.DOF.TemporalAAQuality:1                ; more stable temporal accumulation]]
[2020.07.15-11.06.20:219][  0]LogConfig: Setting CVar [[r.DOF.Kernel.MaxForegroundRadius:0.025]]
[2020.07.15-11.06.20:219][  0]LogConfig: Setting CVar [[r.DOF.Kernel.MaxBackgroundRadius:0.025]]
[2020.07.15-11.06.20:219][  0]LogConfig: Applying CVar settings from Section [TextureQuality@3] File [D:/Unity/WeGottaPass/ThisTrimester/Name/SpaceCrusade/SpaceCrusadeV3/SpaceCrusade/Saved/Config/Windows/Scalability.ini]
[2020.07.15-11.06.20:219][  0]LogConfig: Setting CVar [[r.Streaming.MipBias:0]]
[2020.07.15-11.06.20:219][  0]LogConfig: Setting CVar [[r.Streaming.AmortizeCPUToGPUCopy:0]]
[2020.07.15-11.06.20:219][  0]LogConfig: Setting CVar [[r.Streaming.MaxNumTexturesToStreamPerFrame:0]]
[2020.07.15-11.06.20:219][  0]LogConfig: Setting CVar [[r.Streaming.Boost:1]]
[2020.07.15-11.06.20:219][  0]LogConfig: Setting CVar [[r.MaxAnisotropy:8]]
[2020.07.15-11.06.20:219][  0]LogConfig: Setting CVar [[r.VT.MaxAnisotropy:8]]
[2020.07.15-11.06.20:219][  0]LogConfig: Setting CVar [[r.Streaming.LimitPoolSizeToVRAM:0]]
[2020.07.15-11.06.20:219][  0]LogConfig: Setting CVar [[r.Streaming.PoolSize:1000]]
[2020.07.15-11.06.20:219][  0]LogConfig: Setting CVar [[r.Streaming.MaxEffectiveScreenSize:0]]
[2020.07.15-11.06.20:219][  0]LogConfig: Applying CVar settings from Section [EffectsQuality@3] File [D:/Unity/WeGottaPass/ThisTrimester/Name/SpaceCrusade/SpaceCrusadeV3/SpaceCrusade/Saved/Config/Windows/Scalability.ini]
[2020.07.15-11.06.20:219][  0]LogConfig: Setting CVar [[r.TranslucencyLightingVolumeDim:64]]
[2020.07.15-11.06.20:219][  0]LogConfig: Setting CVar [[r.RefractionQuality:2]]
[2020.07.15-11.06.20:219][  0]LogConfig: Setting CVar [[r.SSR.Quality:3]]
[2020.07.15-11.06.20:219][  0]LogConfig: Setting CVar [[r.SSR.HalfResSceneColor:0]]
[2020.07.15-11.06.20:219][  0]LogConfig: Setting CVar [[r.SceneColorFormat:4]]
[2020.07.15-11.06.20:219][  0]LogConfig: Setting CVar [[r.DetailMode:2]]
[2020.07.15-11.06.20:219][  0]LogConfig: Setting CVar [[r.TranslucencyVolumeBlur:1]]
[2020.07.15-11.06.20:219][  0]LogConfig: Setting CVar [[r.MaterialQualityLevel:1 ; High quality]]
[2020.07.15-11.06.20:219][  0]LogConfig: Setting CVar [[r.SSS.Scale:1]]
[2020.07.15-11.06.20:219][  0]LogConfig: Setting CVar [[r.SSS.SampleSet:2]]
[2020.07.15-11.06.20:219][  0]LogConfig: Setting CVar [[r.SSS.Quality:1]]
[2020.07.15-11.06.20:219][  0]LogConfig: Setting CVar [[r.SSS.HalfRes:0]]
[2020.07.15-11.06.20:219][  0]LogConfig: Setting CVar [[r.SSGI.Quality:3]]
[2020.07.15-11.06.20:219][  0]LogConfig: Setting CVar [[r.EmitterSpawnRateScale:1.0]]
[2020.07.15-11.06.20:219][  0]LogConfig: Setting CVar [[r.ParticleLightQuality:2]]
[2020.07.15-11.06.20:219][  0]LogConfig: Setting CVar [[r.SkyAtmosphere.AerialPerspectiveLUT.FastApplyOnOpaque:1 ; Always have FastSkyLUT 1 in this case to avoid wrong sky]]
[2020.07.15-11.06.20:219][  0]LogConfig: Setting CVar [[r.SkyAtmosphere.AerialPerspectiveLUT.SampleCountPerSlice:1]]
[2020.07.15-11.06.20:219][  0]LogConfig: Setting CVar [[r.SkyAtmosphere.AerialPerspectiveLUT.DepthResolution:16.0]]
[2020.07.15-11.06.20:219][  0]LogConfig: Setting CVar [[r.SkyAtmosphere.FastSkyLUT:1]]
[2020.07.15-11.06.20:219][  0]LogConfig: Setting CVar [[r.SkyAtmosphere.FastSkyLUT.SampleCountMin:4.0]]
[2020.07.15-11.06.20:219][  0]LogConfig: Setting CVar [[r.SkyAtmosphere.FastSkyLUT.SampleCountMax:32.0]]
[2020.07.15-11.06.20:219][  0]LogConfig: Setting CVar [[r.SkyAtmosphere.SampleCountMin:4.0]]
[2020.07.15-11.06.20:219][  0]LogConfig: Setting CVar [[r.SkyAtmosphere.SampleCountMax:32.0]]
[2020.07.15-11.06.20:219][  0]LogConfig: Setting CVar [[r.SkyAtmosphere.TransmittanceLUT.UseSmallFormat:0]]
[2020.07.15-11.06.20:219][  0]LogConfig: Setting CVar [[r.SkyAtmosphere.TransmittanceLUT.SampleCount:10.0]]
[2020.07.15-11.06.20:220][  0]LogConfig: Setting CVar [[r.SkyAtmosphere.MultiScatteringLUT.SampleCount:15.0]]
[2020.07.15-11.06.20:220][  0]LogConfig: Applying CVar settings from Section [FoliageQuality@3] File [D:/Unity/WeGottaPass/ThisTrimester/Name/SpaceCrusade/SpaceCrusadeV3/SpaceCrusade/Saved/Config/Windows/Scalability.ini]
[2020.07.15-11.06.20:220][  0]LogConfig: Setting CVar [[foliage.DensityScale:1.0]]
[2020.07.15-11.06.20:220][  0]LogConfig: Setting CVar [[grass.DensityScale:1.0]]
[2020.07.15-11.06.20:220][  0]LogConfig: Applying CVar settings from Section [ShadingQuality@3] File [D:/Unity/WeGottaPass/ThisTrimester/Name/SpaceCrusade/SpaceCrusadeV3/SpaceCrusade/Saved/Config/Windows/Scalability.ini]
[2020.07.15-11.06.20:220][  0]LogConfig: Setting CVar [[r.HairStrands.SkyLighting.SampleCount:16]]
[2020.07.15-11.06.20:220][  0]LogConfig: Setting CVar [[r.HairStrands.SkyLighting.JitterIntegration:0]]
[2020.07.15-11.06.20:220][  0]LogConfig: Setting CVar [[r.HairStrands.SkyAO.SampleCount:16]]
[2020.07.15-11.06.20:220][  0]LogConfig: Setting CVar [[r.HairStrands.DeepShadow.SuperSampling:0]]
[2020.07.15-11.06.20:220][  0]LogConfig: Setting CVar [[r.HairStrands.VisibilityPPLL:0]]
[2020.07.15-11.06.20:220][  0]LogConfig: Setting CVar [[r.HairStrands.RasterizationScale:0.5]]
[2020.07.15-11.06.20:220][  0]LogConfig: Setting CVar [[r.HairStrands.VelocityRasterizationScale:1]]
[2020.07.15-11.06.20:220][  0]LogConfig: Applying CVar settings from Section [Startup] File [../../../Engine/Config/ConsoleVariables.ini]
[2020.07.15-11.06.20:220][  0]LogConfig: Setting CVar [[net.UseAdaptiveNetUpdateFrequency:0]]
[2020.07.15-11.06.20:220][  0]LogConfig: Setting CVar [[p.chaos.AllowCreatePhysxBodies:1]]
[2020.07.15-11.06.20:220][  0]LogConfig: Setting CVar [[fx.SkipVectorVMBackendOptimizations:1]]
[2020.07.15-11.06.20:220][  0]LogConfig: Applying CVar settings from Section [ConsoleVariables] File [D:/Unity/WeGottaPass/ThisTrimester/Name/SpaceCrusade/SpaceCrusadeV3/SpaceCrusade/Saved/Config/Windows/Engine.ini]
[2020.07.15-11.06.20:220][  0]LogInit: Computer: ALMA
[2020.07.15-11.06.20:220][  0]LogInit: User: willa
[2020.07.15-11.06.20:220][  0]LogInit: CPU Page size=4096, Cores=4
[2020.07.15-11.06.20:220][  0]LogInit: High frequency timer resolution =10.000000 MHz
[2020.07.15-11.06.20:220][  0]LogMemory: Memory total: Physical=15.9GB (16GB approx)
[2020.07.15-11.06.20:220][  0]LogMemory: Platform Memory Stats for Windows
[2020.07.15-11.06.20:220][  0]LogMemory: Process Physical Memory: 116.13 MB used, 116.14 MB peak
[2020.07.15-11.06.20:220][  0]LogMemory: Process Virtual Memory: 110.74 MB used, 110.74 MB peak
[2020.07.15-11.06.20:220][  0]LogMemory: Physical Memory: 10322.63 MB used,  5997.30 MB free, 16319.94 MB total
[2020.07.15-11.06.20:220][  0]LogMemory: Virtual Memory: 5158.32 MB used,  134212568.00 MB free, 134217728.00 MB total
[2020.07.15-11.06.20:225][  0]LogWindows: WindowsPlatformFeatures enabled
[2020.07.15-11.06.20:251][  0]LogInit: Physics initialised using underlying interface: PhysX
[2020.07.15-11.06.20:253][  0]LogInit: Using OS detected language (en-US).
[2020.07.15-11.06.20:253][  0]LogInit: Using OS detected locale (en-US).
[2020.07.15-11.06.20:256][  0]LogTextLocalizationManager: No specific localization for 'en-US' exists, so the 'en' localization will be used.
[2020.07.15-11.06.20:412][  0]LogInit: Setting process to per monitor DPI aware
[2020.07.15-11.06.20:445][  0]LogSlate: New Slate User Created.  User Index 0, Is Virtual User: 0
[2020.07.15-11.06.20:445][  0]LogSlate: Slate User Registered.  User Index 0, Is Virtual User: 0
[2020.07.15-11.06.20:662][  0]LogHMD: Failed to initialize OpenVR with code 126
[2020.07.15-11.06.20:662][  0]LogD3D11RHI: D3D11 min allowed feature level: 11_0
[2020.07.15-11.06.20:662][  0]LogD3D11RHI: D3D11 max allowed feature level: 11_0
[2020.07.15-11.06.20:662][  0]LogD3D11RHI: D3D11 adapters:
[2020.07.15-11.06.20:716][  0]LogD3D11RHI:    0. 'NVIDIA GeForce GTX 1060 6GB' (Feature Level 11_0)
[2020.07.15-11.06.20:716][  0]LogD3D11RHI:       6052/0/8159 MB DedicatedVideo/DedicatedSystem/SharedSystem, Outputs:2, VendorId:0x10de
[2020.07.15-11.06.20:718][  0]LogD3D11RHI:    1. 'Microsoft Basic Render Driver' (Feature Level 11_0)
[2020.07.15-11.06.20:718][  0]LogD3D11RHI:       0/0/8159 MB DedicatedVideo/DedicatedSystem/SharedSystem, Outputs:0, VendorId:0x1414
[2020.07.15-11.06.20:718][  0]LogD3D11RHI: Chosen D3D11 Adapter: 0
[2020.07.15-11.06.20:729][  0]LogD3D11RHI: Creating new Direct3DDevice
[2020.07.15-11.06.20:729][  0]LogD3D11RHI:     GPU DeviceId: 0x1c03 (for the marketing name, search the web for "GPU Device Id")
[2020.07.15-11.06.20:729][  0]LogWindows: EnumDisplayDevices:
[2020.07.15-11.06.20:729][  0]LogWindows:    0. 'NVIDIA GeForce GTX 1060 6GB' (P:0 D:1)
[2020.07.15-11.06.20:729][  0]LogWindows:    1. 'NVIDIA GeForce GTX 1060 6GB' (P:1 D:1)
[2020.07.15-11.06.20:730][  0]LogWindows:    2. 'NVIDIA GeForce GTX 1060 6GB' (P:0 D:0)
[2020.07.15-11.06.20:730][  0]LogWindows:    3. 'NVIDIA GeForce GTX 1060 6GB' (P:0 D:0)
[2020.07.15-11.06.20:730][  0]LogWindows: DebugString: FoundDriverCount:4 
[2020.07.15-11.06.20:730][  0]LogD3D11RHI:     Adapter Name: NVIDIA GeForce GTX 1060 6GB
[2020.07.15-11.06.20:730][  0]LogD3D11RHI:   Driver Version: 451.67 (internal:27.21.14.5167, unified:451.67)
[2020.07.15-11.06.20:730][  0]LogD3D11RHI:      Driver Date: 7-5-2020
[2020.07.15-11.06.20:730][  0]LogRHI: Texture pool is 4236 MB (70% of 6052 MB)
[2020.07.15-11.06.20:768][  0]LogD3D11RHI: RHI has support for 64 bit atomics
[2020.07.15-11.06.20:770][  0]LogD3D11RHI: [Aftermath] Enabled and primed
[2020.07.15-11.06.20:770][  0]LogD3D11RHI: Async texture creation enabled
[2020.07.15-11.06.20:770][  0]LogD3D11RHI: Array index from any shader is supported
[2020.07.15-11.06.20:819][  0]LogD3D11RHI: GPU Timing Frequency: 1000.000000 (Debug: 2 1)
[2020.07.15-11.06.21:113][  0]LogTargetPlatformManager: Display: Loaded TargetPlatform 'AllDesktop'
[2020.07.15-11.06.21:133][  0]LogTargetPlatformManager: Display: Loaded TargetPlatform 'Android'
[2020.07.15-11.06.21:133][  0]LogTargetPlatformManager: Display: Loaded TargetPlatform 'Android_ASTC'
[2020.07.15-11.06.21:133][  0]LogTargetPlatformManager: Display: Loaded TargetPlatform 'Android_DXT'
[2020.07.15-11.06.21:133][  0]LogTargetPlatformManager: Display: Loaded TargetPlatform 'Android_ETC2'
[2020.07.15-11.06.21:133][  0]LogTargetPlatformManager: Display: Loaded TargetPlatform 'AndroidClient'
[2020.07.15-11.06.21:133][  0]LogTargetPlatformManager: Display: Loaded TargetPlatform 'Android_ASTCClient'
[2020.07.15-11.06.21:133][  0]LogTargetPlatformManager: Display: Loaded TargetPlatform 'Android_DXTClient'
[2020.07.15-11.06.21:133][  0]LogTargetPlatformManager: Display: Loaded TargetPlatform 'Android_ETC2Client'
[2020.07.15-11.06.21:133][  0]LogTargetPlatformManager: Display: Loaded TargetPlatform 'Android_Multi'
[2020.07.15-11.06.21:133][  0]LogTargetPlatformManager: Display: Loaded TargetPlatform 'Android_MultiClient'
[2020.07.15-11.06.21:151][  0]LogTargetPlatformManager: Display: Loaded TargetPlatform 'IOSClient'
[2020.07.15-11.06.21:151][  0]LogTargetPlatformManager: Display: Loaded TargetPlatform 'IOS'
[2020.07.15-11.06.21:160][  0]LogTargetPlatformManager: Display: Loaded TargetPlatform 'Linux'
[2020.07.15-11.06.21:167][  0]LogTargetPlatformManager: Display: Loaded TargetPlatform 'LinuxNoEditor'
[2020.07.15-11.06.21:175][  0]LogTargetPlatformManager: Display: Loaded TargetPlatform 'LinuxClient'
[2020.07.15-11.06.21:183][  0]LogTargetPlatformManager: Display: Loaded TargetPlatform 'LinuxServer'
[2020.07.15-11.06.21:193][  0]LogTargetPlatformManager: Display: Loaded TargetPlatform 'LinuxAArch64NoEditor'
[2020.07.15-11.06.21:203][  0]LogTargetPlatformManager: Display: Loaded TargetPlatform 'LinuxAArch64Client'
[2020.07.15-11.06.21:213][  0]LogTargetPlatformManager: Display: Loaded TargetPlatform 'LinuxAArch64Server'
[2020.07.15-11.06.21:240][  0]LogTargetPlatformManager: Display: Loaded TargetPlatform 'Lumin'
[2020.07.15-11.06.21:240][  0]LogTargetPlatformManager: Display: Loaded TargetPlatform 'LuminClient'
[2020.07.15-11.06.21:259][  0]LogTargetPlatformManager: Display: Loaded TargetPlatform 'TVOSClient'
[2020.07.15-11.06.21:259][  0]LogTargetPlatformManager: Display: Loaded TargetPlatform 'TVOS'
[2020.07.15-11.06.21:270][  0]LogTargetPlatformManager: Display: Loaded TargetPlatform 'WindowsNoEditor'
[2020.07.15-11.06.21:282][  0]LogTargetPlatformManager: Display: Loaded TargetPlatform 'Windows'
[2020.07.15-11.06.21:291][  0]LogTargetPlatformManager: Display: Loaded TargetPlatform 'WindowsClient'
[2020.07.15-11.06.21:302][  0]LogTargetPlatformManager: Display: Loaded TargetPlatform 'WindowsServer'
[2020.07.15-11.06.21:302][  0]LogTargetPlatformManager: Display: Building Assets For Windows
[2020.07.15-11.06.21:310][  0]LogAudioDebug: Display: Lib vorbis DLL was dynamically loaded.
[2020.07.15-11.06.21:366][  0]LogShaderCompilers: Guid format shader working directory is -50 characters bigger than the processId version (../../../../../../Unity/WeGottaPass/ThisTrimester/Name/SpaceCrusade/SpaceCrusadeV3/SpaceCrusade/Intermediate/Shaders/WorkingDirectory/34696/).
[2020.07.15-11.06.21:366][  0]LogShaderCompilers: Cleaned the shader compiler working directory 'C:/Users/willa/AppData/Local/Temp/UnrealShaderWorkingDir/E25F6E604BF67BBE41CE1880D39E354E/'.
[2020.07.15-11.06.21:367][  0]LogXGEController: Cleaning working directory: C:/Users/willa/AppData/Local/Temp/UnrealXGEWorkingDir/
[2020.07.15-11.06.21:367][  0]LogXGEController: Cannot use XGE Controller as Incredibuild is not installed on this machine.
[2020.07.15-11.06.21:367][  0]LogShaderCompilers: Cannot use XGE Shader Compiler as Incredibuild is not installed on this machine.
[2020.07.15-11.06.21:367][  0]LogShaderCompilers: Display: Using Local Shader Compiler.
[2020.07.15-11.06.22:229][  0]LogDerivedDataCache: Display: Max Cache Size: 512 MB
[2020.07.15-11.06.22:287][  0]LogDerivedDataCache: Loaded boot cache 0.06s 76MB C:/Users/willa/AppData/Local/UnrealEngine/4.25/DerivedDataCache/Boot.ddc.
[2020.07.15-11.06.22:287][  0]LogDerivedDataCache: Display: Loaded Boot cache: C:/Users/willa/AppData/Local/UnrealEngine/4.25/DerivedDataCache/Boot.ddc
[2020.07.15-11.06.22:287][  0]LogDerivedDataCache: FDerivedDataBackendGraph:  Pak pak cache file ../../../../../../Unity/WeGottaPass/ThisTrimester/Name/SpaceCrusade/SpaceCrusadeV3/SpaceCrusade/DerivedDataCache/DDC.ddp not found, will not use a pak cache.
[2020.07.15-11.06.22:287][  0]LogDerivedDataCache: Unable to find inner node Pak for hierarchical cache Hierarchy.
[2020.07.15-11.06.22:287][  0]LogDerivedDataCache: FDerivedDataBackendGraph:  CompressedPak pak cache file ../../../../../../Unity/WeGottaPass/ThisTrimester/Name/SpaceCrusade/SpaceCrusadeV3/SpaceCrusade/DerivedDataCache/Compressed.ddp not found, will not use a pak cache.
[2020.07.15-11.06.22:287][  0]LogDerivedDataCache: Unable to find inner node CompressedPak for hierarchical cache Hierarchy.
[2020.07.15-11.06.22:299][  0]LogDerivedDataCache: Display: Pak cache opened for reading ../../../Engine/DerivedDataCache/Compressed.ddp.
[2020.07.15-11.06.22:299][  0]LogDerivedDataCache: FDerivedDataBackendGraph:  EnterprisePak pak cache file ../../../Enterprise/DerivedDataCache/Compressed.ddp not found, will not use a pak cache.
[2020.07.15-11.06.22:299][  0]LogDerivedDataCache: Unable to find inner node EnterprisePak for hierarchical cache Hierarchy.
[2020.07.15-11.06.22:300][  0]LogDerivedDataCache: Using Local data cache path C:/Users/willa/AppData/Local/UnrealEngine/Common/DerivedDataCache: Writable
[2020.07.15-11.06.22:301][  0]LogDerivedDataCache: Shared data cache path not found in *engine.ini, will not use an Shared cache.
[2020.07.15-11.06.22:301][  0]LogDerivedDataCache: Unable to find inner node Shared for hierarchical cache Hierarchy.
[2020.07.15-11.06.22:361][  0]LogSlate: Using FreeType 2.10.0
[2020.07.15-11.06.22:362][  0]LogSlate: SlateFontServices - WITH_FREETYPE: 1, WITH_HARFBUZZ: 1
[2020.07.15-11.06.22:385][  0]LogAssetRegistry: FAssetRegistry took 0.0020 seconds to start up
[2020.07.15-11.06.22:632][  0]LogInit: Selected Device Profile: [Windows]
[2020.07.15-11.06.22:746][  0]LogMeshReduction: Using QuadricMeshReduction for automatic static mesh reduction
[2020.07.15-11.06.22:746][  0]LogMeshReduction: Using SimplygonMeshReduction for automatic skeletal mesh reduction
[2020.07.15-11.06.22:746][  0]LogMeshReduction: Using ProxyLODMeshReduction for automatic mesh merging
[2020.07.15-11.06.22:746][  0]LogMeshReduction: No distributed automatic mesh merging module available
[2020.07.15-11.06.22:746][  0]LogMeshMerging: No distributed automatic mesh merging module available
[2020.07.15-11.06.22:761][  0]LogNetVersion: SpaceCrusade 1.0.0, NetCL: 13144385, EngineNetVer: 14, GameNetVer: 0 (Checksum: 1846491061)
[2020.07.15-11.06.23:283][  0]LogAISub: UAISubsystem::UAISubsystem AISubsystem (00000180ED38DBC0), frame # 0
[2020.07.15-11.06.23:283][  0]LogAISub: UAISubsystem::UAISubsystem AIPerceptionSystem (00000180ED2EAAC0), frame # 0
[2020.07.15-11.06.23:284][  0]LogAISub: UAISubsystem::UAISubsystem EnvQueryManager (00000180ED339E00), frame # 0
[2020.07.15-11.06.23:374][  0]LogPackageLocalizationCache: Processed 19 localized package path(s) for 1 prioritized culture(s) in 0.080599 seconds
[2020.07.15-11.06.23:383][  0]LogUObjectArray: 15917 objects as part of root set at end of initial load.
[2020.07.15-11.06.23:383][  0]LogUObjectAllocator: 3965568 out of 0 bytes used by permanent object pool.
[2020.07.15-11.06.23:383][  0]LogUObjectArray: CloseDisregardForGC: 0/0 objects in disregard for GC pool
[2020.07.15-11.06.23:756][  0]LogTcpMessaging: Initializing TcpMessaging bridge
[2020.07.15-11.06.23:761][  0]LogUdpMessaging: Initializing bridge on interface 0.0.0.0:0 to multicast group 230.0.0.1:6666.
[2020.07.15-11.06.23:830][  0]LogLinker: Warning: Failed to load '/Game/ThirdPersonBP/ThirdPersonOverview': Can't find file.
[2020.07.15-11.06.23:830][  0]LogLinker: Warning: Failed to load '/Game/ThirdPersonBP/ThirdPersonOverview': Can't find file.
[2020.07.15-11.06.23:830][  0]LogUObjectGlobals: Warning: Failed to find object 'Class /Game/ThirdPersonBP/ThirdPersonOverview.ThirdPersonOverview_C'
[2020.07.15-11.06.23:870][  0]SourceControl: Source control is disabled
[2020.07.15-11.06.23:870][  0]SourceControl: Source control is disabled
[2020.07.15-11.06.23:874][  0]SourceControl: Source control is disabled
[2020.07.15-11.06.23:877][  0]SourceControl: Source control is disabled
[2020.07.15-11.06.23:884][  0]SourceControl: Source control is disabled
[2020.07.15-11.06.24:137][  0]LogAndroidPermission: UAndroidPermissionCallbackProxy::GetInstance
[2020.07.15-11.06.24:158][  0]LogAudioCaptureCore: Display: No Audio Capture implementations found. Audio input will be silent.
[2020.07.15-11.06.24:158][  0]LogAudioCaptureCore: Display: No Audio Capture implementations found. Audio input will be silent.
[2020.07.15-11.06.24:216][  0]LogOcInput: OculusInput pre-init called
[2020.07.15-11.06.24:228][  0]LogWindows: Failed to load 'OVRPlugin.dll' (GetLastError=126)
[2020.07.15-11.06.24:228][  0]LogWindows: File 'OVRPlugin.dll' does not exist
[2020.07.15-11.06.24:299][  0]LogEngine: Initializing Engine...
[2020.07.15-11.06.24:371][  0]LogHMD: Failed to initialize OpenVR with code 108
[2020.07.15-11.06.24:371][  0]LogMagicLeap: Warning: VR disabled because ZI is not enabled.  To enable, in the editor, Edit -> Project Settings -> Plugins -> Magic Leap Plugin -> Enable Zero Iteration
[2020.07.15-11.06.24:373][  0]LogStats: UGameplayTagsManager::InitializeManager -  0.000 s
[2020.07.15-11.06.24:521][  0]LogInit: Initializing FReadOnlyCVARCache
[2020.07.15-11.06.24:529][  0]LogAIModule: Creating AISystem for world Untitled
[2020.07.15-11.06.24:529][  0]LogAISub: UAISubsystem::UAISubsystem EnvQueryManager (00000180F02C3C00), frame # 0
[2020.07.15-11.06.24:529][  0]LogAISub: UAISubsystem::UAISubsystem AIPerceptionSystem (00000180F0328A40), frame # 0
[2020.07.15-11.06.24:548][  0]LogAudioMixer: Display: Audio Mixer Platform Settings:
[2020.07.15-11.06.24:548][  0]LogAudioMixer: Display: 	Sample Rate:						  48000
[2020.07.15-11.06.24:548][  0]LogAudioMixer: Display: 	Callback Buffer Frame Size Requested: 1024
[2020.07.15-11.06.24:548][  0]LogAudioMixer: Display: 	Callback Buffer Frame Size To Use:	  1024
[2020.07.15-11.06.24:548][  0]LogAudioMixer: Display: 	Number of buffers to queue:			  2
[2020.07.15-11.06.24:548][  0]LogAudioMixer: Display: 	Max Channels (voices):				  32
[2020.07.15-11.06.24:548][  0]LogAudioMixer: Display: 	Number of Async Source Workers:		  0
[2020.07.15-11.06.24:548][  0]LogAudio: Display: AudioDevice MaxSources: 32
[2020.07.15-11.06.24:549][  0]LogAudio: Display: Using built-in audio occlusion.
[2020.07.15-11.06.24:549][  0]LogAudioMixer: Display: Initializing audio mixer.
[2020.07.15-11.06.24:561][  0]LogAudioMixer: Display: 0: FrontLeft
[2020.07.15-11.06.24:561][  0]LogAudioMixer: Display: 1: FrontRight
[2020.07.15-11.06.24:610][  0]LogAudioMixer: Display: Using Audio Device Speakers (RIG 800HD)
[2020.07.15-11.06.24:617][  0]LogAudioMixer: Display: Initializing Sound Submixes...
[2020.07.15-11.06.24:620][  0]LogAudioMixer: Display: Creating Master Submix 'MasterSubmixDefault'
[2020.07.15-11.06.24:620][  0]LogAudioMixer: Display: Creating Master Submix 'MasterReverbSubmixDefault'
[2020.07.15-11.06.24:621][  0]LogAudioMixer: Display: Creating Master Submix 'MasterEQSubmixDefault'
[2020.07.15-11.06.24:621][  0]LogInit: FAudioDevice initialized.
[2020.07.15-11.06.24:622][  0]LogNetVersion: Set ProjectVersion to 1.0.0.0. Version Checksum will be recalculated on next use.
[2020.07.15-11.06.24:780][  0]LogDerivedDataCache: Saved boot cache 0.16s 76MB C:/Users/willa/AppData/Local/UnrealEngine/4.25/DerivedDataCache/Boot.ddc.
[2020.07.15-11.06.24:784][  0]LogInit: Texture streaming: Enabled
[2020.07.15-11.06.24:800][  0]LogEngineSessionManager: EngineSessionManager initialized
[2020.07.15-11.06.24:800][  0]LogEditorSessionSummary: Verbose: Initializing EditorSessionSummaryWriter for editor session tracking
[2020.07.15-11.06.24:801][  0]LogEditorSessionSummary: EditorSessionSummaryWriter initialized
[2020.07.15-11.06.24:872][  0]LogInit: Transaction tracking system initialized
[2020.07.15-11.06.24:894][  0]BlueprintLog: New page: Editor Load
[2020.07.15-11.06.24:968][  0]LocalizationService: Localization service is disabled
[2020.07.15-11.06.25:127][  0]LogCook: Display: Max memory allowance for cook 16384mb min free memory 0mb
[2020.07.15-11.06.25:127][  0]LogCook: Display: Mobile HDR setting 1
[2020.07.15-11.06.25:137][  0]LogFileCache: Scanning file cache for directory 'D:/Unity/WeGottaPass/ThisTrimester/Name/SpaceCrusade/SpaceCrusadeV3/SpaceCrusade/Content/' took 0.01s
[2020.07.15-11.06.25:518][  0]SourceControl: Source control is disabled
[2020.07.15-11.06.25:724][  0]LogSlate: Took 0.000215 seconds to synchronously load lazily loaded font '../../../Engine/Content/Slate/Fonts/Roboto-Regular.ttf' (155K)
[2020.07.15-11.06.31:144][  0]LogSlate: Window 'Restore Packages' being destroyed
[2020.07.15-11.06.31:144][  0]LogWindowsTextInputMethodSystem: Display: IME system now deactivated.
[2020.07.15-11.06.31:154][  0]LogUnrealEdMisc: Loading editor; pre map load, took 14.100
[2020.07.15-11.06.31:154][  0]Cmd: MAP LOAD FILE="../../../../../../Unity/WeGottaPass/ThisTrimester/Name/SpaceCrusade/SpaceCrusadeV3/SpaceCrusade/Content/TopDownBP/Maps/TopDownExampleMap.umap" TEMPLATE=0 SHOWPROGRESS=1 FEATURELEVEL=3
[2020.07.15-11.06.31:155][  0]LogEditorServer: Warning: Can't find file '../../../../../../Unity/WeGottaPass/ThisTrimester/Name/SpaceCrusade/SpaceCrusadeV3/SpaceCrusade/Content/TopDownBP/Maps/TopDownExampleMap.umap'
[2020.07.15-11.06.31:155][  0]Cmd: MAP CHECKDEP NOCLEARLOG
[2020.07.15-11.06.31:155][  0]MapCheck: Map check complete: 0 Error(s), 0 Warning(s), took 0.096ms to complete.
[2020.07.15-11.06.31:155][  0]LogFileHelpers: Loading map 'TopDownExampleMap' took 0.000
[2020.07.15-11.06.31:157][  0]LogUnrealEdMisc: Total Editor Startup Time, took 14.103
[2020.07.15-11.06.31:194][  0]LogWindowsTextInputMethodSystem: Display: IME system now deactivated.
[2020.07.15-11.06.31:260][  0]LogSlate: Updating window title bar state: overlay mode, drag disabled, window buttons hidden, title bar hidden
[2020.07.15-11.06.31:265][  0]LogSlate: Updating window title bar state: overlay mode, drag disabled, window buttons hidden, title bar hidden
[2020.07.15-11.06.31:272][  0]LogSlate: Updating window title bar state: overlay mode, drag disabled, window buttons hidden, title bar hidden
[2020.07.15-11.06.31:279][  0]LogSlate: Updating window title bar state: overlay mode, drag disabled, window buttons hidden, title bar hidden
[2020.07.15-11.06.31:285][  0]LogCollectionManager: Loaded 0 collections in 0.000698 seconds
[2020.07.15-11.06.31:307][  0]LogFileCache: Scanning file cache for directory 'D:/Unity/WeGottaPass/ThisTrimester/Name/SpaceCrusade/SpaceCrusadeV3/SpaceCrusade/Saved/Collections/' took 0.00s
[2020.07.15-11.06.31:307][  0]LogFileCache: Scanning file cache for directory 'D:/Unity/WeGottaPass/ThisTrimester/Name/SpaceCrusade/SpaceCrusadeV3/SpaceCrusade/Content/Developers/willa/Collections/' took 0.00s
[2020.07.15-11.06.31:307][  0]LogFileCache: Scanning file cache for directory 'D:/Unity/WeGottaPass/ThisTrimester/Name/SpaceCrusade/SpaceCrusadeV3/SpaceCrusade/Content/Collections/' took 0.00s
[2020.07.15-11.06.31:307][  0]LogContentBrowser: Native class hierarchy populated in 0.0083 seconds. Added 3427 classes and 821 folders.
[2020.07.15-11.06.31:310][  0]LogContentBrowser: Native class hierarchy updated for 'WidgetCarousel' in 0.0003 seconds. Added 0 classes and 0 folders.
[2020.07.15-11.06.31:382][  0]LogContentBrowser: Native class hierarchy updated for 'AddContentDialog' in 0.0002 seconds. Added 0 classes and 0 folders.
[2020.07.15-11.06.31:383][  0]LogContentBrowser: Native class hierarchy updated for 'SceneOutliner' in 0.0002 seconds. Added 2 classes and 0 folders.
[2020.07.15-11.06.31:458][  0]LogSlate: Took 0.000449 seconds to synchronously load lazily loaded font '../../../Engine/Content/Slate/Fonts/Roboto-Bold.ttf' (160K)
[2020.07.15-11.06.31:462][  0]LogSlate: Took 0.000187 seconds to synchronously load lazily loaded font '../../../Engine/Content/Editor/Slate/Fonts/FontAwesome.ttf' (139K)
[2020.07.15-11.06.31:497][  0]LogRenderer: Reallocating scene render targets to support 1012x548 Format 10 NumSamples 1 (Frame:1).
[2020.07.15-11.06.31:567][  0]LogContentBrowser: Native class hierarchy updated for 'HierarchicalLODOutliner' in 0.0003 seconds. Added 0 classes and 0 folders.
[2020.07.15-11.06.31:567][  0]LogLoad: (Engine Initialization) Total time: 14.51 seconds
[2020.07.15-11.06.31:567][  0]LogLoad: (Engine Initialization) Total Blueprint compile time: 0.00 seconds
[2020.07.15-11.06.31:609][  0]LogAssetRegistry: Asset discovery search completed in 9.2258 seconds
[2020.07.15-11.06.31:612][  0]LogCollectionManager: Fixed up redirectors for 0 collections in 0.000002 seconds (updated 0 objects)
[2020.07.15-11.06.31:613][  0]LogContentStreaming: Texture pool size now 1000 MB
[2020.07.15-11.06.31:635][  0]LogSlate: Took 0.000258 seconds to synchronously load lazily loaded font '../../../Engine/Content/Slate/Fonts/Roboto-Light.ttf' (167K)
[2020.07.15-11.06.32:615][112]LogSlate: Took 0.000199 seconds to synchronously load lazily loaded font '../../../Engine/Content/Slate/Fonts/Roboto-Light.ttf' (167K)
[2020.07.15-11.06.43:850][224]LogProperty: Error: FStructProperty::Serialize Loading: Property 'StructProperty /Game/Blueprints/SaveData/BP_SaveGameInstance.BP_SaveGameInstance_C:LoadedCharacter'. Unknown structure.
[2020.07.15-11.06.43:850][224]LogClass: Warning: Property LoadedCharacter of LoadedCharacter has a struct type mismatch (tag STRUCT_REINST_BP_Struct_CharacterSave_0 != prop FallbackStruct) in package:  ../../../../../../Unity/WeGottaPass/ThisTrimester/Name/SpaceCrusade/SpaceCrusadeV3/SpaceCrusade/Content/Blueprints/SaveData/BP_SaveGameInstance.uasset. If that struct got renamed, add an entry to ActiveStructRedirects.
[2020.07.15-11.06.43:852][224]LogClass: Warning: Property LoadedCharacter of LoadedCharacter has a struct type mismatch (tag FallbackStruct != prop BP_Struct_CharacterSave) in package:  FObjectReader. If that struct got renamed, add an entry to ActiveStructRedirects.
[2020.07.15-11.06.43:966][224]LogLinker: Warning: While loading '../../../../../../Unity/WeGottaPass/ThisTrimester/Name/SpaceCrusade/SpaceCrusadeV3/SpaceCrusade/Content/Levels/TopDownExampleMap.umap' failed to load '/Game/Levels/TopDownExampleMap_BuiltData': Can't find file.
[2020.07.15-11.06.43:966][224]LogLinker: Warning: While loading '../../../../../../Unity/WeGottaPass/ThisTrimester/Name/SpaceCrusade/SpaceCrusadeV3/SpaceCrusade/Content/Levels/TopDownExampleMap.umap' failed to load '/Game/Levels/TopDownExampleMap_BuiltData': Can't find file.
[2020.07.15-11.06.43:967][224]LogLinker: Warning: While loading '../../../../../../Unity/WeGottaPass/ThisTrimester/Name/SpaceCrusade/SpaceCrusadeV3/SpaceCrusade/Content/Levels/TopDownExampleMap.umap' failed to load '/Game/Levels/TopDownExampleMap_BuiltData': Can't find file.
[2020.07.15-11.06.43:967][224]LogLinker: Warning: While loading '../../../../../../Unity/WeGottaPass/ThisTrimester/Name/SpaceCrusade/SpaceCrusadeV3/SpaceCrusade/Content/Levels/TopDownExampleMap.umap' failed to load '/Game/Levels/TopDownExampleMap_BuiltData': Can't find file.
[2020.07.15-11.06.43:967][224]LogLinker: Warning: Failed to load '/Game/Levels/TopDownExampleMap_BuiltData': Can't find file.
[2020.07.15-11.06.43:967][224]LogLinker: Warning: Failed to load '/Game/Levels/TopDownExampleMap_BuiltData': Can't find file.
[2020.07.15-11.06.43:967][224]LogLinker: Warning: Failed to load '/Game/Levels/TopDownExampleMap_BuiltData': Can't find file.
[2020.07.15-11.06.43:967][224]LogLinker: Warning: Failed to load '/Game/Levels/TopDownExampleMap_BuiltData': Can't find file.
[2020.07.15-11.06.43:987][224]LogLinker: Warning: While loading '../../../../../../Unity/WeGottaPass/ThisTrimester/Name/SpaceCrusade/SpaceCrusadeV3/SpaceCrusade/Content/Levels/TopDownExampleMap.umap' failed to load '/Game/Levels/TopDownExampleMap_BuiltData': Can't find file.
[2020.07.15-11.06.43:987][224]LoadErrors: Failed to load /Game/Levels/TopDownExampleMap_BuiltData.TopDownExampleMap_BuiltData Referenced by PersistentLevel
[2020.07.15-11.06.43:987][224]LogLinker: Warning: While loading '../../../../../../Unity/WeGottaPass/ThisTrimester/Name/SpaceCrusade/SpaceCrusadeV3/SpaceCrusade/Content/Levels/TopDownExampleMap.umap' failed to load '/Game/Levels/TopDownExampleMap_BuiltData': Can't find file.
[2020.07.15-11.06.44:083][224]LogAssetEditorSubsystem: Opening Asset editor for World /Game/Levels/TopDownExampleMap.TopDownExampleMap
[2020.07.15-11.06.44:097][224]LogUObjectHash: Compacting FUObjectHashTables data took   0.94ms
[2020.07.15-11.06.44:098][224]Cmd: MAP LOAD FILE="../../../../../../Unity/WeGottaPass/ThisTrimester/Name/SpaceCrusade/SpaceCrusadeV3/SpaceCrusade/Content/Levels/TopDownExampleMap.umap" TEMPLATE=0 SHOWPROGRESS=1 FEATURELEVEL=3
[2020.07.15-11.06.44:098][224]LightingResults: New page: Lighting Build
[2020.07.15-11.06.44:099][224]LogContentBrowser: Native class hierarchy updated for 'StatsViewer' in 0.0004 seconds. Added 6 classes and 0 folders.
[2020.07.15-11.06.44:099][224]LoadErrors: New page: Loading map: TopDownExampleMap.umap
[2020.07.15-11.06.44:138][224]LogWorld: UWorld::CleanupWorld for Untitled, bSessionEnded=true, bCleanupResources=true
[2020.07.15-11.06.44:138][224]LogSlate: InvalidateAllWidgets triggered.  All widgets were invalidated
[2020.07.15-11.06.44:138][224]MapCheck: New page: Map Check
[2020.07.15-11.06.44:138][224]LightingResults: New page: Lighting Build
[2020.07.15-11.06.44:146][224]LogAISub: UAISubsystem::~UAISubsystem EnvQueryManager (00000180F02C3C00), frame # 1224
[2020.07.15-11.06.44:146][224]LogAISub: UAISubsystem::~UAISubsystem AIPerceptionSystem (00000180F0328A40), frame # 1224
[2020.07.15-11.06.44:146][224]LogUObjectHash: Compacting FUObjectHashTables data took   0.54ms
[2020.07.15-11.06.44:255][224]LogEditorServer: Finished looking for orphan Actors (0.000 secs)
[2020.07.15-11.06.44:255][224]LogAIModule: Creating AISystem for world TopDownExampleMap
[2020.07.15-11.06.44:255][224]LogAISub: UAISubsystem::UAISubsystem EnvQueryManager (000001809AE44E00), frame # 1224
[2020.07.15-11.06.44:255][224]LogAISub: UAISubsystem::UAISubsystem AIPerceptionSystem (00000180EBA04F40), frame # 1224
[2020.07.15-11.06.44:257][224]LogNavigationDataBuild: Display:    Building NavData:  Name Default class /Script/NavigationSystem.RecastNavMesh agent radius 35.0.
[2020.07.15-11.06.44:273][224]LogUObjectHash: Compacting FUObjectHashTables data took   0.50ms
[2020.07.15-11.06.44:310][224]Cmd: MAP CHECKDEP NOCLEARLOG
[2020.07.15-11.06.44:310][224]MapCheck: Map check complete: 0 Error(s), 0 Warning(s), took 0.084ms to complete.
[2020.07.15-11.06.44:310][224]LogFileHelpers: Loading map 'TopDownExampleMap' took 0.212
[2020.07.15-11.06.45:305][328]LogTemp: Repeating last play command: Selected Viewport
[2020.07.15-11.06.45:322][328]LogPlayLevel: PlayLevel: No blueprints needed recompiling
[2020.07.15-11.06.45:323][328]PIE: New page: PIE session: TopDownExampleMap (Jul 16, 2020, 7:06:45 AM)
[2020.07.15-11.06.45:323][328]LogOnline: OSS: Creating online subsystem instance for: NULL
[2020.07.15-11.06.45:325][328]LogOnline: OSS: TryLoadSubsystemAndSetDefault: Loaded subsystem for module [NULL]
[2020.07.15-11.06.45:325][328]LogPlayLevel: Creating play world package: /Game/Levels/UEDPIE_0_TopDownExampleMap
[2020.07.15-11.06.45:352][328]LogPlayLevel: PIE: StaticDuplicateObject took: (0.026817s)
[2020.07.15-11.06.45:353][328]LogAIModule: Creating AISystem for world TopDownExampleMap
[2020.07.15-11.06.45:353][328]LogAISub: UAISubsystem::UAISubsystem EnvQueryManager (000001808620FA00), frame # 1328
[2020.07.15-11.06.45:353][328]LogAISub: UAISubsystem::UAISubsystem AIPerceptionSystem (0000018092DE16C0), frame # 1328
[2020.07.15-11.06.45:353][328]LogPlayLevel: PIE: World Init took: (0.000922s)
[2020.07.15-11.06.45:353][328]LogPlayLevel: PIE: Created PIE world by copying editor world from /Game/Levels/TopDownExampleMap.TopDownExampleMap to /Game/Levels/UEDPIE_0_TopDownExampleMap.TopDownExampleMap (0.027892s)
[2020.07.15-11.06.45:361][328]LogUObjectHash: Compacting FUObjectHashTables data took   0.80ms
[2020.07.15-11.06.45:362][328]LogAudioMixer: Display: Audio Mixer Platform Settings:
[2020.07.15-11.06.45:362][328]LogAudioMixer: Display: 	Sample Rate:						  48000
[2020.07.15-11.06.45:363][328]LogAudioMixer: Display: 	Callback Buffer Frame Size Requested: 1024
[2020.07.15-11.06.45:363][328]LogAudioMixer: Display: 	Callback Buffer Frame Size To Use:	  1024
[2020.07.15-11.06.45:363][328]LogAudioMixer: Display: 	Number of buffers to queue:			  2
[2020.07.15-11.06.45:363][328]LogAudioMixer: Display: 	Max Channels (voices):				  32
[2020.07.15-11.06.45:363][328]LogAudioMixer: Display: 	Number of Async Source Workers:		  0
[2020.07.15-11.06.45:363][328]LogAudio: Display: AudioDevice MaxSources: 32
[2020.07.15-11.06.45:363][328]LogAudio: Display: Using built-in audio occlusion.
[2020.07.15-11.06.45:363][328]LogAudioMixer: Display: Initializing audio mixer.
[2020.07.15-11.06.45:369][328]LogAudioMixer: Display: 0: FrontLeft
[2020.07.15-11.06.45:369][328]LogAudioMixer: Display: 1: FrontRight
[2020.07.15-11.06.45:383][328]LogAudioMixer: Display: Using Audio Device Speakers (RIG 800HD)
[2020.07.15-11.06.45:384][328]LogAudioMixer: Display: Initializing Sound Submixes...
[2020.07.15-11.06.45:384][328]LogAudioMixer: Display: Creating Master Submix 'MasterSubmixDefault'
[2020.07.15-11.06.45:384][328]LogAudioMixer: Display: Creating Master Submix 'MasterReverbSubmixDefault'
[2020.07.15-11.06.45:384][328]LogAudioMixer: Display: Creating Master Submix 'MasterEQSubmixDefault'
[2020.07.15-11.06.45:394][328]LogInit: FAudioDevice initialized.
[2020.07.15-11.06.45:404][328]LogLoad: Game class is 'GameMode_Paper2D_C'
[2020.07.15-11.06.45:410][328]LogWorld: Bringing World /Game/Levels/UEDPIE_0_TopDownExampleMap.TopDownExampleMap up for play (max tick rate 0) at 2020.07.15-21.06.45
[2020.07.15-11.06.45:410][328]LogWorld: Bringing up level for play took: 0.004991
[2020.07.15-11.06.45:410][328]LogOnline: OSS: Creating online subsystem instance for: :Context_1
[2020.07.15-11.06.45:429][328]LogContentBrowser: Native class hierarchy updated for 'MovieSceneCapture' in 0.0004 seconds. Added 20 classes and 0 folders.
[2020.07.15-11.06.45:432][328]PIE: Server logged in
[2020.07.15-11.06.45:434][328]PIE: Play in editor total start time 0.112 seconds.
[2020.07.15-11.06.50:279][899]LogSlate: Updating window title bar state: overlay mode, drag disabled, window buttons hidden, title bar hidden
[2020.07.15-11.06.50:279][899]LogWorld: BeginTearingDown for /Game/Levels/UEDPIE_0_TopDownExampleMap
[2020.07.15-11.06.50:279][899]LogWorld: UWorld::CleanupWorld for TopDownExampleMap, bSessionEnded=true, bCleanupResources=true
[2020.07.15-11.06.50:280][899]LogSlate: InvalidateAllWidgets triggered.  All widgets were invalidated
[2020.07.15-11.06.50:285][899]LogPlayLevel: Display: Shutting down PIE online subsystems
[2020.07.15-11.06.50:287][899]LogSlate: InvalidateAllWidgets triggered.  All widgets were invalidated
[2020.07.15-11.06.50:293][899]LogSlate: Updating window title bar state: overlay mode, drag disabled, window buttons hidden, title bar hidden
[2020.07.15-11.06.50:311][899]LogAISub: UAISubsystem::~UAISubsystem AIPerceptionSystem (0000018092DE16C0), frame # 1899
[2020.07.15-11.06.50:311][899]LogAISub: UAISubsystem::~UAISubsystem EnvQueryManager (000001808620FA00), frame # 1899
[2020.07.15-11.06.50:312][899]LogUObjectHash: Compacting FUObjectHashTables data took   0.59ms
[2020.07.15-11.06.50:343][900]LogPlayLevel: Display: Destroying online subsystem :Context_1
[2020.07.15-11.06.53:229][214]LogTemp: Repeating last play command: Selected Viewport
[2020.07.15-11.06.53:248][214]BlueprintLog: New page: Pre-Play auto-recompile
[2020.07.15-11.06.53:253][214]LogPlayLevel: [PlayLevel] Compiling GameMode_Paper2D before play...
[2020.07.15-11.06.53:267][214]LogUObjectHash: Compacting FUObjectHashTables data took   0.58ms
[2020.07.15-11.06.53:267][214]LogPlayLevel: PlayLevel: Blueprint regeneration took 19 ms (1 blueprints)
[2020.07.15-11.06.53:267][214]PIE: New page: PIE session: TopDownExampleMap (Jul 16, 2020, 7:06:53 AM)
[2020.07.15-11.06.53:298][214]LogPlayLevel: Creating play world package: /Game/Levels/UEDPIE_0_TopDownExampleMap
[2020.07.15-11.06.53:324][214]LogPlayLevel: PIE: StaticDuplicateObject took: (0.025392s)
[2020.07.15-11.06.53:325][214]LogAIModule: Creating AISystem for world TopDownExampleMap
[2020.07.15-11.06.53:325][214]LogAISub: UAISubsystem::UAISubsystem EnvQueryManager (000001808620E200), frame # 2214
[2020.07.15-11.06.53:325][214]LogAISub: UAISubsystem::UAISubsystem AIPerceptionSystem (0000018092DD7240), frame # 2214
[2020.07.15-11.06.53:325][214]LogPlayLevel: PIE: World Init took: (0.001003s)
[2020.07.15-11.06.53:325][214]LogPlayLevel: PIE: Created PIE world by copying editor world from /Game/Levels/TopDownExampleMap.TopDownExampleMap to /Game/Levels/UEDPIE_0_TopDownExampleMap.TopDownExampleMap (0.026561s)
[2020.07.15-11.06.53:335][214]LogUObjectHash: Compacting FUObjectHashTables data took   0.67ms
[2020.07.15-11.06.53:336][214]LogAudioMixer: Display: Audio Mixer Platform Settings:
[2020.07.15-11.06.53:336][214]LogAudioMixer: Display: 	Sample Rate:						  48000
[2020.07.15-11.06.53:336][214]LogAudioMixer: Display: 	Callback Buffer Frame Size Requested: 1024
[2020.07.15-11.06.53:336][214]LogAudioMixer: Display: 	Callback Buffer Frame Size To Use:	  1024
[2020.07.15-11.06.53:336][214]LogAudioMixer: Display: 	Number of buffers to queue:			  2
[2020.07.15-11.06.53:336][214]LogAudioMixer: Display: 	Max Channels (voices):				  32
[2020.07.15-11.06.53:336][214]LogAudioMixer: Display: 	Number of Async Source Workers:		  0
[2020.07.15-11.06.53:336][214]LogAudio: Display: AudioDevice MaxSources: 32
[2020.07.15-11.06.53:336][214]LogAudio: Display: Using built-in audio occlusion.
[2020.07.15-11.06.53:336][214]LogAudioMixer: Display: Initializing audio mixer.
[2020.07.15-11.06.53:340][214]LogAudioMixer: Display: 0: FrontLeft
[2020.07.15-11.06.53:340][214]LogAudioMixer: Display: 1: FrontRight
[2020.07.15-11.06.53:357][214]LogAudioMixer: Display: Using Audio Device Speakers (RIG 800HD)
[2020.07.15-11.06.53:357][214]LogAudioMixer: Display: Initializing Sound Submixes...
[2020.07.15-11.06.53:357][214]LogAudioMixer: Display: Creating Master Submix 'MasterSubmixDefault'
[2020.07.15-11.06.53:357][214]LogAudioMixer: Display: Creating Master Submix 'MasterReverbSubmixDefault'
[2020.07.15-11.06.53:357][214]LogAudioMixer: Display: Creating Master Submix 'MasterEQSubmixDefault'
[2020.07.15-11.06.53:367][214]LogInit: FAudioDevice initialized.
[2020.07.15-11.06.53:372][214]LogLoad: Game class is 'GameMode_Paper2D_C'
[2020.07.15-11.06.53:377][214]LogWorld: Bringing World /Game/Levels/UEDPIE_0_TopDownExampleMap.TopDownExampleMap up for play (max tick rate 0) at 2020.07.15-21.06.53
[2020.07.15-11.06.53:377][214]LogWorld: Bringing up level for play took: 0.004270
[2020.07.15-11.06.53:377][214]LogOnline: OSS: Creating online subsystem instance for: :Context_2
[2020.07.15-11.06.53:381][214]PIE: Server logged in
[2020.07.15-11.06.53:382][214]PIE: Play in editor total start time 0.135 seconds.
[2020.07.15-11.06.57:185][666]LogBlueprintUserMessages: [BP_RespawnLocation_2] Checkpoint Reached
[2020.07.15-11.06.58:209][784]LogSlate: Updating window title bar state: overlay mode, drag disabled, window buttons hidden, title bar hidden
[2020.07.15-11.06.58:210][784]LogWorld: BeginTearingDown for /Game/Levels/UEDPIE_0_TopDownExampleMap
[2020.07.15-11.06.58:210][784]LogWorld: UWorld::CleanupWorld for TopDownExampleMap, bSessionEnded=true, bCleanupResources=true
[2020.07.15-11.06.58:210][784]LogSlate: InvalidateAllWidgets triggered.  All widgets were invalidated
[2020.07.15-11.06.58:222][784]LogPlayLevel: Display: Shutting down PIE online subsystems
[2020.07.15-11.06.58:223][784]LogSlate: InvalidateAllWidgets triggered.  All widgets were invalidated
[2020.07.15-11.06.58:230][784]LogSlate: Updating window title bar state: overlay mode, drag disabled, window buttons hidden, title bar hidden
[2020.07.15-11.06.58:245][784]LogAISub: UAISubsystem::~UAISubsystem AIPerceptionSystem (0000018092DD7240), frame # 2784
[2020.07.15-11.06.58:245][784]LogAISub: UAISubsystem::~UAISubsystem EnvQueryManager (000001808620E200), frame # 2784
[2020.07.15-11.06.58:246][784]LogUObjectHash: Compacting FUObjectHashTables data took   0.54ms
[2020.07.15-11.06.58:276][785]LogPlayLevel: Display: Destroying online subsystem :Context_2
[2020.07.15-11.06.58:860][845]LogTemp: Repeating last play command: Selected Viewport
[2020.07.15-11.06.58:880][845]LogPlayLevel: PlayLevel: No blueprints needed recompiling
[2020.07.15-11.06.58:880][845]PIE: New page: PIE session: TopDownExampleMap (Jul 16, 2020, 7:06:58 AM)
[2020.07.15-11.06.58:908][845]LogPlayLevel: Creating play world package: /Game/Levels/UEDPIE_0_TopDownExampleMap
[2020.07.15-11.06.58:935][845]LogPlayLevel: PIE: StaticDuplicateObject took: (0.027193s)
[2020.07.15-11.06.58:936][845]LogAIModule: Creating AISystem for world TopDownExampleMap
[2020.07.15-11.06.58:936][845]LogAISub: UAISubsystem::UAISubsystem EnvQueryManager (0000018083B2F000), frame # 2845
[2020.07.15-11.06.58:936][845]LogAISub: UAISubsystem::UAISubsystem AIPerceptionSystem (000001809ACDD080), frame # 2845
[2020.07.15-11.06.58:937][845]LogPlayLevel: PIE: World Init took: (0.001108s)
[2020.07.15-11.06.58:937][845]LogPlayLevel: PIE: Created PIE world by copying editor world from /Game/Levels/TopDownExampleMap.TopDownExampleMap to /Game/Levels/UEDPIE_0_TopDownExampleMap.TopDownExampleMap (0.028497s)
[2020.07.15-11.06.58:945][845]LogUObjectHash: Compacting FUObjectHashTables data took   0.75ms
[2020.07.15-11.06.58:947][845]LogAudioMixer: Display: Audio Mixer Platform Settings:
[2020.07.15-11.06.58:947][845]LogAudioMixer: Display: 	Sample Rate:						  48000
[2020.07.15-11.06.58:947][845]LogAudioMixer: Display: 	Callback Buffer Frame Size Requested: 1024
[2020.07.15-11.06.58:947][845]LogAudioMixer: Display: 	Callback Buffer Frame Size To Use:	  1024
[2020.07.15-11.06.58:947][845]LogAudioMixer: Display: 	Number of buffers to queue:			  2
[2020.07.15-11.06.58:947][845]LogAudioMixer: Display: 	Max Channels (voices):				  32
[2020.07.15-11.06.58:947][845]LogAudioMixer: Display: 	Number of Async Source Workers:		  0
[2020.07.15-11.06.58:947][845]LogAudio: Display: AudioDevice MaxSources: 32
[2020.07.15-11.06.58:947][845]LogAudio: Display: Using built-in audio occlusion.
[2020.07.15-11.06.58:948][845]LogAudioMixer: Display: Initializing audio mixer.
[2020.07.15-11.06.58:953][845]LogAudioMixer: Display: 0: FrontLeft
[2020.07.15-11.06.58:953][845]LogAudioMixer: Display: 1: FrontRight
[2020.07.15-11.06.58:971][845]LogAudioMixer: Display: Using Audio Device Speakers (RIG 800HD)
[2020.07.15-11.06.58:971][845]LogAudioMixer: Display: Initializing Sound Submixes...
[2020.07.15-11.06.58:971][845]LogAudioMixer: Display: Creating Master Submix 'MasterSubmixDefault'
[2020.07.15-11.06.58:971][845]LogAudioMixer: Display: Creating Master Submix 'MasterReverbSubmixDefault'
[2020.07.15-11.06.58:971][845]LogAudioMixer: Display: Creating Master Submix 'MasterEQSubmixDefault'
[2020.07.15-11.06.58:988][845]LogInit: FAudioDevice initialized.
[2020.07.15-11.06.58:995][845]LogLoad: Game class is 'GameMode_Paper2D_C'
[2020.07.15-11.06.59:000][845]LogWorld: Bringing World /Game/Levels/UEDPIE_0_TopDownExampleMap.TopDownExampleMap up for play (max tick rate 0) at 2020.07.15-21.06.59
[2020.07.15-11.06.59:001][845]LogWorld: Bringing up level for play took: 0.005157
[2020.07.15-11.06.59:001][845]LogOnline: OSS: Creating online subsystem instance for: :Context_3
[2020.07.15-11.06.59:004][845]PIE: Server logged in
[2020.07.15-11.06.59:005][845]PIE: Play in editor total start time 0.124 seconds.
[2020.07.15-11.07.00:139][970]LogSlate: Updating window title bar state: overlay mode, drag disabled, window buttons hidden, title bar hidden
[2020.07.15-11.07.00:139][970]LogWorld: BeginTearingDown for /Game/Levels/UEDPIE_0_TopDownExampleMap
[2020.07.15-11.07.00:139][970]LogWorld: UWorld::CleanupWorld for TopDownExampleMap, bSessionEnded=true, bCleanupResources=true
[2020.07.15-11.07.00:141][970]LogSlate: InvalidateAllWidgets triggered.  All widgets were invalidated
[2020.07.15-11.07.00:146][970]LogPlayLevel: Display: Shutting down PIE online subsystems
[2020.07.15-11.07.00:147][970]LogSlate: InvalidateAllWidgets triggered.  All widgets were invalidated
[2020.07.15-11.07.00:155][970]LogSlate: Updating window title bar state: overlay mode, drag disabled, window buttons hidden, title bar hidden
[2020.07.15-11.07.00:182][970]LogAISub: UAISubsystem::~UAISubsystem AIPerceptionSystem (000001809ACDD080), frame # 2970
[2020.07.15-11.07.00:182][970]LogAISub: UAISubsystem::~UAISubsystem EnvQueryManager (0000018083B2F000), frame # 2970
[2020.07.15-11.07.00:183][970]LogUObjectHash: Compacting FUObjectHashTables data took   0.76ms
[2020.07.15-11.07.00:231][971]LogPlayLevel: Display: Destroying online subsystem :Context_3
[2020.07.15-11.07.32:485][193]LogFactory: FactoryCreateFile: Texture with ReimportTextureFactory (0 0 C:\Users\willa\Desktop\Morgan'sBuild\Morgan'sSprite\Down.png)
[2020.07.15-11.07.32:486][193]LogTexture: Display: Building textures: Down (AutoDXT, 32X256)
[2020.07.15-11.07.34:834][202]LogFactory: FactoryCreateFile: Texture with ReimportTextureFactory (0 0 C:\Users\willa\Desktop\Morgan'sBuild\Morgan'sSprite\Up.png)
[2020.07.15-11.07.34:842][202]LogTexture: Display: Building textures: Up (AutoDXT, 32X256)
[2020.07.15-11.07.37:499][293]LogFactory: FactoryCreateFile: Texture with ReimportTextureFactory (0 0 C:\Users\willa\Desktop\Morgan'sBuild\Morgan'sSprite\Right.png)
[2020.07.15-11.07.37:506][293]LogTexture: Display: Building textures: Right (AutoDXT, 256X32)
[2020.07.15-11.07.40:741][515]LogTexture: Display: Building textures: Down (BGRA8, 32X256)
[2020.07.15-11.07.41:499][592]LogAssetEditorSubsystem: Opening Asset editor for Texture2D /Game/Sprites/Weapon/Down.Down
[2020.07.15-11.07.41:650][592]LogContentBrowser: Native class hierarchy updated for 'TextureEditor' in 0.0003 seconds. Added 1 classes and 2 folders.
[2020.07.15-11.07.43:404][769]LogSlate: Window 'Down' being destroyed
[2020.07.15-11.07.47:456][196]LogTexture: Display: Building textures: Right (BGRA8, 256X32)
[2020.07.15-11.07.50:024][444]LogTexture: Display: Building textures: Up (BGRA8, 32X256)
[2020.07.15-11.07.55:271][670]LogEditorViewport: Clicking on Actor (LMB): Landscape (Landscape)
[2020.07.15-11.07.55:645][701]LogUObjectHash: Compacting FUObjectHashTables data took   0.57ms
[2020.07.15-11.07.55:770][701]LogSavePackage: Moving '../../../../../../Unity/WeGottaPass/ThisTrimester/Name/SpaceCrusade/SpaceCrusadeV3/SpaceCrusade/Saved/TopDownExampleMapC3F71E854DFC8F47EE8175B8BCD2BA85.tmp' to '../../../../../../Unity/WeGottaPass/ThisTrimester/Name/SpaceCrusade/SpaceCrusadeV3/SpaceCrusade/Content/Levels/TopDownExampleMap.umap'
[2020.07.15-11.07.55:815][701]AssetCheck: New page: Asset Save: TopDownExampleMap
[2020.07.15-11.07.55:815][701]LogContentValidation: Display: Validating World /Game/Levels/TopDownExampleMap.TopDownExampleMap
[2020.07.15-11.08.13:277][635]LogEditorViewport: Clicking on Actor (LMB): BP_Spikes_C (BP_Spikes7)
[2020.07.15-11.08.15:237][852]LogTemp: Repeating last play command: Selected Viewport
[2020.07.15-11.08.15:262][852]LogPlayLevel: PlayLevel: No blueprints needed recompiling
[2020.07.15-11.08.15:262][852]PIE: New page: PIE session: TopDownExampleMap (Jul 16, 2020, 7:08:15 AM)
[2020.07.15-11.08.15:299][852]LogPlayLevel: Creating play world package: /Game/Levels/UEDPIE_0_TopDownExampleMap
[2020.07.15-11.08.15:323][852]LogPlayLevel: PIE: StaticDuplicateObject took: (0.024352s)
[2020.07.15-11.08.15:325][852]LogAIModule: Creating AISystem for world TopDownExampleMap
[2020.07.15-11.08.15:325][852]LogAISub: UAISubsystem::UAISubsystem EnvQueryManager (000001809BAA3E00), frame # 8852
[2020.07.15-11.08.15:325][852]LogAISub: UAISubsystem::UAISubsystem AIPerceptionSystem (0000018092F46700), frame # 8852
[2020.07.15-11.08.15:325][852]LogPlayLevel: PIE: World Init took: (0.001474s)
[2020.07.15-11.08.15:325][852]LogPlayLevel: PIE: Created PIE world by copying editor world from /Game/Levels/TopDownExampleMap.TopDownExampleMap to /Game/Levels/UEDPIE_0_TopDownExampleMap.TopDownExampleMap (0.026047s)
[2020.07.15-11.08.15:340][852]LogUObjectHash: Compacting FUObjectHashTables data took   0.55ms
[2020.07.15-11.08.15:341][852]LogAudioMixer: Display: Audio Mixer Platform Settings:
[2020.07.15-11.08.15:341][852]LogAudioMixer: Display: 	Sample Rate:						  48000
[2020.07.15-11.08.15:341][852]LogAudioMixer: Display: 	Callback Buffer Frame Size Requested: 1024
[2020.07.15-11.08.15:341][852]LogAudioMixer: Display: 	Callback Buffer Frame Size To Use:	  1024
[2020.07.15-11.08.15:341][852]LogAudioMixer: Display: 	Number of buffers to queue:			  2
[2020.07.15-11.08.15:341][852]LogAudioMixer: Display: 	Max Channels (voices):				  32
[2020.07.15-11.08.15:341][852]LogAudioMixer: Display: 	Number of Async Source Workers:		  0
[2020.07.15-11.08.15:341][852]LogAudio: Display: AudioDevice MaxSources: 32
[2020.07.15-11.08.15:341][852]LogAudio: Display: Using built-in audio occlusion.
[2020.07.15-11.08.15:341][852]LogAudioMixer: Display: Initializing audio mixer.
[2020.07.15-11.08.15:350][852]LogAudioMixer: Display: 0: FrontLeft
[2020.07.15-11.08.15:350][852]LogAudioMixer: Display: 1: FrontRight
[2020.07.15-11.08.15:369][852]LogAudioMixer: Display: Using Audio Device Speakers (RIG 800HD)
[2020.07.15-11.08.15:369][852]LogAudioMixer: Display: Initializing Sound Submixes...
[2020.07.15-11.08.15:369][852]LogAudioMixer: Display: Creating Master Submix 'MasterSubmixDefault'
[2020.07.15-11.08.15:369][852]LogAudioMixer: Display: Creating Master Submix 'MasterReverbSubmixDefault'
[2020.07.15-11.08.15:369][852]LogAudioMixer: Display: Creating Master Submix 'MasterEQSubmixDefault'
[2020.07.15-11.08.15:383][852]LogInit: FAudioDevice initialized.
[2020.07.15-11.08.15:394][852]LogLoad: Game class is 'GameMode_Paper2D_C'
[2020.07.15-11.08.15:398][852]LogWorld: Bringing World /Game/Levels/UEDPIE_0_TopDownExampleMap.TopDownExampleMap up for play (max tick rate 0) at 2020.07.15-21.08.15
[2020.07.15-11.08.15:398][852]LogWorld: Bringing up level for play took: 0.003546
[2020.07.15-11.08.15:399][852]LogOnline: OSS: Creating online subsystem instance for: :Context_4
[2020.07.15-11.08.15:402][852]PIE: Server logged in
[2020.07.15-11.08.15:403][852]PIE: Play in editor total start time 0.14 seconds.
[2020.07.15-11.08.16:601][963]LogSlate: Updating window title bar state: overlay mode, drag disabled, window buttons hidden, title bar hidden
[2020.07.15-11.08.16:601][963]LogWorld: BeginTearingDown for /Game/Levels/UEDPIE_0_TopDownExampleMap
[2020.07.15-11.08.16:601][963]LogWorld: UWorld::CleanupWorld for TopDownExampleMap, bSessionEnded=true, bCleanupResources=true
[2020.07.15-11.08.16:602][963]LogSlate: InvalidateAllWidgets triggered.  All widgets were invalidated
[2020.07.15-11.08.16:612][963]LogPlayLevel: Display: Shutting down PIE online subsystems
[2020.07.15-11.08.16:613][963]LogSlate: InvalidateAllWidgets triggered.  All widgets were invalidated
[2020.07.15-11.08.16:634][963]LogSlate: Updating window title bar state: overlay mode, drag disabled, window buttons hidden, title bar hidden
[2020.07.15-11.08.16:637][963]LogAISub: UAISubsystem::~UAISubsystem AIPerceptionSystem (0000018092F46700), frame # 8963
[2020.07.15-11.08.16:637][963]LogAISub: UAISubsystem::~UAISubsystem EnvQueryManager (000001809BAA3E00), frame # 8963
[2020.07.15-11.08.16:638][963]LogUObjectHash: Compacting FUObjectHashTables data took   0.50ms
[2020.07.15-11.08.16:670][964]LogPlayLevel: Display: Destroying online subsystem :Context_4
[2020.07.15-11.08.18:279][136]LogSavePackage: Moving '../../../../../../Unity/WeGottaPass/ThisTrimester/Name/SpaceCrusade/SpaceCrusadeV3/SpaceCrusade/Saved/DownE3BCC189428A83112FDF6BA301570A81.tmp' to '../../../../../../Unity/WeGottaPass/ThisTrimester/Name/SpaceCrusade/SpaceCrusadeV3/SpaceCrusade/Content/Sprites/Weapon/Down.uasset'
[2020.07.15-11.08.18:292][136]AssetCheck: New page: Asset Save: Down
[2020.07.15-11.08.18:292][136]LogContentValidation: Display: Validating Texture2D /Game/Sprites/Weapon/Down.Down
[2020.07.15-11.08.19:250][241]LogUObjectHash: Compacting FUObjectHashTables data took   0.79ms
[2020.07.15-11.08.19:337][241]LogSavePackage: Moving '../../../../../../Unity/WeGottaPass/ThisTrimester/Name/SpaceCrusade/SpaceCrusadeV3/SpaceCrusade/Saved/TopDownExampleMap3A264FD24CB38E9561E086B566785E39.tmp' to '../../../../../../Unity/WeGottaPass/ThisTrimester/Name/SpaceCrusade/SpaceCrusadeV3/SpaceCrusade/Content/Levels/TopDownExampleMap.umap'
[2020.07.15-11.08.19:386][241]AssetCheck: New page: Asset Save: TopDownExampleMap
[2020.07.15-11.08.19:386][241]LogContentValidation: Display: Validating World /Game/Levels/TopDownExampleMap.TopDownExampleMap
[2020.07.15-11.08.29:623][631]LogAssetEditorSubsystem: Opening Asset editor for Texture2D /Game/Sprites/Weapon/Right.Right
[2020.07.15-11.08.31:715][856]LogSavePackage: Moving '../../../../../../Unity/WeGottaPass/ThisTrimester/Name/SpaceCrusade/SpaceCrusadeV3/SpaceCrusade/Saved/Right65FA3A1E47040513789557BEF87973E1.tmp' to '../../../../../../Unity/WeGottaPass/ThisTrimester/Name/SpaceCrusade/SpaceCrusadeV3/SpaceCrusade/Content/Sprites/Weapon/Right.uasset'
[2020.07.15-11.08.31:724][856]AssetCheck: New page: Asset Save: Right
[2020.07.15-11.08.31:724][856]LogContentValidation: Display: Validating Texture2D /Game/Sprites/Weapon/Right.Right
[2020.07.15-11.08.34:422][158]LogAssetEditorSubsystem: Opening Asset editor for Texture2D /Game/Sprites/Weapon/Up.Up
[2020.07.15-11.08.35:771][299]Cmd: OBJ SAVEPACKAGE PACKAGE="/Game/Sprites/Weapon/Up" FILE="../../../../../../Unity/WeGottaPass/ThisTrimester/Name/SpaceCrusade/SpaceCrusadeV3/SpaceCrusade/Content/Sprites/Weapon/Up.uasset" SILENT=true
[2020.07.15-11.08.35:777][299]LogSavePackage: Moving '../../../../../../Unity/WeGottaPass/ThisTrimester/Name/SpaceCrusade/SpaceCrusadeV3/SpaceCrusade/Saved/Up331DFE3E46C7305CE116C793DBC72A30.tmp' to '../../../../../../Unity/WeGottaPass/ThisTrimester/Name/SpaceCrusade/SpaceCrusadeV3/SpaceCrusade/Content/Sprites/Weapon/Up.uasset'
[2020.07.15-11.08.35:795][299]AssetCheck: New page: Asset Save: Up
[2020.07.15-11.08.35:795][299]LogContentValidation: Display: Validating Texture2D /Game/Sprites/Weapon/Up.Up
